Unity Editor version:    2021.3.9f1 (ad3870b89536)
Branch:                  2021.3/staging
Build type:              Release
Batch mode:              YES
macOS version:           Version 12.6 (Build 21G115)
Darwin version:          21.6.0
Architecture:            arm64
Running under Rosetta:   NO
Available memory:        32768 MB
Using pre-set license
Pro License: YES

COMMAND LINE ARGUMENTS:
/Applications/Unity/Hub/Editor/2021.3.9f1/Unity.app/Contents/MacOS/Unity
-adb2
-batchMode
-noUpm
-name
AssetImportWorker1
-projectPath
/Users/astanik6612/Documents/GitHub/anselscubes/AnselsCubes
-logFile
Logs/AssetImportWorker1.log
-srvPort
59121
Successfully changed project path to: /Users/astanik6612/Documents/GitHub/anselscubes/AnselsCubes
Could not lock editor preferences. Preferences updates for this instance of Unity will not be saved./Users/astanik6612/Documents/GitHub/anselscubes/AnselsCubes
[UnityMemory] Configuration Parameters - Can be set up in boot.config
    "memorysetup-bucket-allocator-granularity=16"
    "memorysetup-bucket-allocator-bucket-count=8"
    "memorysetup-bucket-allocator-block-size=33554432"
    "memorysetup-bucket-allocator-block-count=8"
    "memorysetup-main-allocator-block-size=16777216"
    "memorysetup-thread-allocator-block-size=16777216"
    "memorysetup-gfx-main-allocator-block-size=16777216"
    "memorysetup-gfx-thread-allocator-block-size=16777216"
    "memorysetup-cache-allocator-block-size=4194304"
    "memorysetup-typetree-allocator-block-size=2097152"
    "memorysetup-profiler-bucket-allocator-granularity=16"
    "memorysetup-profiler-bucket-allocator-bucket-count=8"
    "memorysetup-profiler-bucket-allocator-block-size=33554432"
    "memorysetup-profiler-bucket-allocator-block-count=8"
    "memorysetup-profiler-allocator-block-size=16777216"
    "memorysetup-profiler-editor-allocator-block-size=1048576"
    "memorysetup-temp-allocator-size-main=16777216"
    "memorysetup-job-temp-allocator-block-size=2097152"
    "memorysetup-job-temp-allocator-block-size-background=1048576"
    "memorysetup-job-temp-allocator-reduction-small-platforms=262144"
    "memorysetup-temp-allocator-size-background-worker=32768"
    "memorysetup-temp-allocator-size-job-worker=262144"
    "memorysetup-temp-allocator-size-preload-manager=33554432"
    "memorysetup-temp-allocator-size-nav-mesh-worker=65536"
    "memorysetup-temp-allocator-size-audio-worker=65536"
    "memorysetup-temp-allocator-size-cloud-worker=32768"
    "memorysetup-temp-allocator-size-gi-baking-worker=262144"
    "memorysetup-temp-allocator-size-gfx=262144"
Refreshing native plugins compatible for Editor in 58.24 ms, found 2 plugins.
Preloading 0 native plugins for Editor in 0.00 ms.
Initialize engine version: 2021.3.9f1 (ad3870b89536)
[Subsystems] Discovering subsystems at path /Applications/Unity/Hub/Editor/2021.3.9f1/Unity.app/Contents/Resources/UnitySubsystems
[Subsystems] Discovering subsystems at path /Users/astanik6612/Documents/GitHub/anselscubes/AnselsCubes/Assets
GfxDevice: creating device client; threaded=0; jobified=0
 preferred device: Apple M1 Max (high power)
Metal devices available: 1
0: Apple M1 Max (high power)
Using device Apple M1 Max (high power)
Initializing Metal device caps: Apple M1 Max
Initialize mono
Mono path[0] = '/Applications/Unity/Hub/Editor/2021.3.9f1/Unity.app/Contents/Managed'
Mono path[1] = '/Applications/Unity/Hub/Editor/2021.3.9f1/Unity.app/Contents/MonoBleedingEdge/lib/mono/unityjit-macos'
Mono config path = '/Applications/Unity/Hub/Editor/2021.3.9f1/Unity.app/Contents/MonoBleedingEdge/etc'
Using monoOptions --debugger-agent=transport=dt_socket,embedding=1,server=y,suspend=n,address=127.0.0.1:56160
Begin MonoManager ReloadAssembly
Registering precompiled unity dll's ...
Register platform support module: /Applications/Unity/Hub/Editor/2021.3.9f1/PlaybackEngines/WebGLSupport/UnityEditor.WebGL.Extensions.dll
Register platform support module: /Applications/Unity/Hub/Editor/2021.3.9f1/Unity.app/Contents/PlaybackEngines/MacStandaloneSupport/UnityEditor.OSXStandalone.Extensions.dll
Register platform support module: /Applications/Unity/Hub/Editor/2021.3.9f1/PlaybackEngines/AndroidPlayer/UnityEditor.Android.Extensions.dll
Registered in 0.000571 seconds.
Native extension for Android target not found
Native extension for OSXStandalone target not found
Native extension for WebGL target not found
Refreshing native plugins compatible for Editor in 61.71 ms, found 2 plugins.
Preloading 0 native plugins for Editor in 0.00 ms.
Mono: successfully reloaded assembly
- Completed reload, in  0.370 seconds
Domain Reload Profiling:
	ReloadAssembly (370ms)
		BeginReloadAssembly (26ms)
			ExecutionOrderSort (0ms)
			DisableScriptedObjects (0ms)
			BackupInstance (0ms)
			ReleaseScriptingObjects (0ms)
			CreateAndSetChildDomain (0ms)
		EndReloadAssembly (280ms)
			LoadAssemblies (26ms)
			RebuildTransferFunctionScriptingTraits (0ms)
			SetupTypeCache (70ms)
			ReleaseScriptCaches (0ms)
			RebuildScriptCaches (19ms)
			SetupLoadedEditorAssemblies (165ms)
				LogAssemblyErrors (0ms)
				InitializePlatformSupportModulesInManaged (28ms)
				SetLoadedEditorAssemblies (0ms)
				RefreshPlugins (62ms)
				BeforeProcessingInitializeOnLoad (1ms)
				ProcessInitializeOnLoadAttributes (50ms)
				ProcessInitializeOnLoadMethodAttributes (24ms)
				AfterProcessingInitializeOnLoad (0ms)
				EditorAssembliesLoaded (0ms)
			ExecutionOrderSort2 (0ms)
			AwakeInstancesAfterBackupRestoration (0ms)
Platform modules already initialized, skipping
Registering precompiled user dll's ...
Registered in 0.001331 seconds.
Begin MonoManager ReloadAssembly
Symbol file LoadedFromMemory doesn't match image /Users/astanik6612/Documents/GitHub/anselscubes/AnselsCubes/Library/PackageCache/com.unity.visualscripting@1.7.8/Editor/VisualScripting.Core/Dependencies/YamlDotNet/Unity.VisualScripting.YamlDotNet.dll
Symbol file LoadedFromMemory doesn't match image /Users/astanik6612/Documents/GitHub/anselscubes/AnselsCubes/Library/PackageCache/com.unity.visualscripting@1.7.8/Editor/VisualScripting.Core/Dependencies/DotNetZip/Unity.VisualScripting.IonicZip.dll
Native extension for Android target not found
Native extension for OSXStandalone target not found
Native extension for WebGL target not found
Refreshing native plugins compatible for Editor in 0.30 ms, found 2 plugins.
Preloading 0 native plugins for Editor in 0.00 ms.
Mono: successfully reloaded assembly
- Completed reload, in  0.663 seconds
Domain Reload Profiling:
	ReloadAssembly (663ms)
		BeginReloadAssembly (154ms)
			ExecutionOrderSort (0ms)
			DisableScriptedObjects (3ms)
			BackupInstance (0ms)
			ReleaseScriptingObjects (0ms)
			CreateAndSetChildDomain (116ms)
		EndReloadAssembly (445ms)
			LoadAssemblies (36ms)
			RebuildTransferFunctionScriptingTraits (0ms)
			SetupTypeCache (161ms)
			ReleaseScriptCaches (1ms)
			RebuildScriptCaches (31ms)
			SetupLoadedEditorAssemblies (191ms)
				LogAssemblyErrors (0ms)
				InitializePlatformSupportModulesInManaged (6ms)
				SetLoadedEditorAssemblies (0ms)
				RefreshPlugins (0ms)
				BeforeProcessingInitializeOnLoad (48ms)
				ProcessInitializeOnLoadAttributes (121ms)
				ProcessInitializeOnLoadMethodAttributes (14ms)
				AfterProcessingInitializeOnLoad (1ms)
				EditorAssembliesLoaded (0ms)
			ExecutionOrderSort2 (0ms)
			AwakeInstancesAfterBackupRestoration (2ms)
Platform modules already initialized, skipping
========================================================================
Worker process is ready to serve import requests
Launching external process: /Applications/Unity/Hub/Editor/2021.3.9f1/Unity.app/Contents/Tools/UnityShaderCompiler
Launched and connected shader compiler UnityShaderCompiler after 0.04 seconds
Refreshing native plugins compatible for Editor in 0.32 ms, found 2 plugins.
Preloading 0 native plugins for Editor in 0.00 ms.
Unloading 3381 Unused Serialized files (Serialized files now loaded: 0)
Unloading 25 unused Assets / (43.0 KB). Loaded Objects now: 3842.
Memory consumption went from 230.5 MB to 230.4 MB.
Total: 2.044500 ms (FindLiveObjects: 0.090250 ms CreateObjectMapping: 0.036666 ms MarkObjects: 1.872833 ms  DeleteObjects: 0.044417 ms)

AssetImportParameters requested are different than current active one (requested -> active):
  custom:video-decoder-ogg-theora: a1e56fd34408186e4bbccfd4996cb3dc -> 
  custom:container-muxer-webm: aa71ff27fc2769a1b78a27578f13a17b -> 
  custom:container-demuxer-webm: 4f35f7cbe854078d1ac9338744f61a02 -> 
  custom:video-encoder-webm-vp8: eb34c28f22e8b96e1ab97ce403110664 -> 
  custom:framework-osx-AVFoundation: e770b220cccbd017edd2c1fefb359320 -> 
  custom:audio-encoder-webm-vorbis: bf7c407c2cedff20999df2af8eb42d56 -> 
  custom:container-demuxer-ogg: 62fdf1f143b41e24485cea50d1cbac27 -> 
  custom:video-decoder-webm-vp8: 9c59270c3fd7afecdb556c50c9e8de78 -> 
  custom:audio-decoder-ogg-vorbis: bf7c407c2cedff20999df2af8eb42d56 -> 
========================================================================
Received Import Request.
  Time since last request: 39874.495176 seconds.
  path: Assets/cube4.fbx
  artifactKey: Guid(2ddb7a11eac284a30a54899d9b178745) Importer(815301076,1909f56bfc062723c751e8b465ee728b)
Start importing Assets/cube4.fbx using Guid(2ddb7a11eac284a30a54899d9b178745) Importer(815301076,1909f56bfc062723c751e8b465ee728b)  -> (artifact id: 'd7b21990a0d1fd56e4f2b79c1a8ffcc2') in 0.385536 seconds 
========================================================================
Received Import Request.
  Time since last request: 0.000047 seconds.
  path: Assets/cube8.fbx
  artifactKey: Guid(d97573e861ac6497a84df913c3f0a1af) Importer(815301076,1909f56bfc062723c751e8b465ee728b)
Start importing Assets/cube8.fbx using Guid(d97573e861ac6497a84df913c3f0a1af) Importer(815301076,1909f56bfc062723c751e8b465ee728b)  -> (artifact id: 'c5dbbb50d8d2cb34d52c33c418b7101c') in 0.023263 seconds 
========================================================================
Received Import Request.
  Time since last request: 0.000040 seconds.
  path: Assets/cube14.fbx
  artifactKey: Guid(75b784915726e4e43ac88bfdc6e56c37) Importer(815301076,1909f56bfc062723c751e8b465ee728b)
Start importing Assets/cube14.fbx using Guid(75b784915726e4e43ac88bfdc6e56c37) Importer(815301076,1909f56bfc062723c751e8b465ee728b)  -> (artifact id: 'a1ce187f860821379db114982c3df552') in 0.016438 seconds 
========================================================================
Received Import Request.
  Time since last request: 0.000051 seconds.
  path: Assets/cube9.fbx
  artifactKey: Guid(a62d09268fdca46f1bd3dbf70b08ef89) Importer(815301076,1909f56bfc062723c751e8b465ee728b)
Start importing Assets/cube9.fbx using Guid(a62d09268fdca46f1bd3dbf70b08ef89) Importer(815301076,1909f56bfc062723c751e8b465ee728b)  -> (artifact id: '2c47571610d9340778c1790bf3f44cf3') in 0.018087 seconds 
========================================================================
Received Import Request.
  Time since last request: 0.000055 seconds.
  path: Assets/cube6.fbx
  artifactKey: Guid(d41c6ca803b2a45f6bb3b91dca6acc32) Importer(815301076,1909f56bfc062723c751e8b465ee728b)
Start importing Assets/cube6.fbx using Guid(d41c6ca803b2a45f6bb3b91dca6acc32) Importer(815301076,1909f56bfc062723c751e8b465ee728b)  -> (artifact id: '01aa775bec2f66ea9e0e2f91166d318c') in 0.018681 seconds 
========================================================================
Received Import Request.
  Time since last request: 0.000078 seconds.
  path: Assets/cube7.fbx
  artifactKey: Guid(490f8fb0badaa4d138d07651aa1541b7) Importer(815301076,1909f56bfc062723c751e8b465ee728b)
Start importing Assets/cube7.fbx using Guid(490f8fb0badaa4d138d07651aa1541b7) Importer(815301076,1909f56bfc062723c751e8b465ee728b)  -> (artifact id: 'b1c0920b445eca5d4025713cecfd222b') in 0.017172 seconds 
========================================================================
Received Import Request.
  Time since last request: 0.000058 seconds.
  path: Assets/cube15.fbx
  artifactKey: Guid(05940a2824e8e45d9b45eaffc7501f38) Importer(815301076,1909f56bfc062723c751e8b465ee728b)
Start importing Assets/cube15.fbx using Guid(05940a2824e8e45d9b45eaffc7501f38) Importer(815301076,1909f56bfc062723c751e8b465ee728b)  -> (artifact id: '375ca7059c70a1fc44df65f9d07d1ffc') in 0.014341 seconds 
========================================================================
Received Import Request.
  Time since last request: 0.000040 seconds.
  path: Assets/cube26.fbx
  artifactKey: Guid(5bf6754cfe5784a8cb93cdb2638ceebf) Importer(815301076,1909f56bfc062723c751e8b465ee728b)
Start importing Assets/cube26.fbx using Guid(5bf6754cfe5784a8cb93cdb2638ceebf) Importer(815301076,1909f56bfc062723c751e8b465ee728b)  -> (artifact id: 'fe3cb500937ae5507c832cbd44bfe32a') in 0.012953 seconds 
========================================================================
Received Import Request.
  Time since last request: 0.000035 seconds.
  path: Assets/cube22.fbx
  artifactKey: Guid(f5b51a30db5944b7db162a443a8e2dbc) Importer(815301076,1909f56bfc062723c751e8b465ee728b)
Start importing Assets/cube22.fbx using Guid(f5b51a30db5944b7db162a443a8e2dbc) Importer(815301076,1909f56bfc062723c751e8b465ee728b)  -> (artifact id: '5d88bc91938b76aacb8929f21fd19023') in 0.018021 seconds 
========================================================================
Received Import Request.
  Time since last request: 0.000031 seconds.
  path: Assets/cube3.fbx
  artifactKey: Guid(ed9235201b4d44c639d787c53ddda9ec) Importer(815301076,1909f56bfc062723c751e8b465ee728b)
Start importing Assets/cube3.fbx using Guid(ed9235201b4d44c639d787c53ddda9ec) Importer(815301076,1909f56bfc062723c751e8b465ee728b)  -> (artifact id: 'c786c9b491c8132a1f47372863921ab3') in 0.015634 seconds 
========================================================================
Received Import Request.
  Time since last request: 0.000034 seconds.
  path: Assets/cube19.fbx
  artifactKey: Guid(3560f40a0b4ee4c1199fe75d3b9e247a) Importer(815301076,1909f56bfc062723c751e8b465ee728b)
Start importing Assets/cube19.fbx using Guid(3560f40a0b4ee4c1199fe75d3b9e247a) Importer(815301076,1909f56bfc062723c751e8b465ee728b)  -> (artifact id: '6367ab75dd85a89a694bf1fab2c9ca0e') in 0.015891 seconds 
========================================================================
Received Import Request.
  Time since last request: 0.000055 seconds.
  path: Assets/cube24.fbx
  artifactKey: Guid(11bf7a6f567ae430fa9b46f682dc9211) Importer(815301076,1909f56bfc062723c751e8b465ee728b)
Start importing Assets/cube24.fbx using Guid(11bf7a6f567ae430fa9b46f682dc9211) Importer(815301076,1909f56bfc062723c751e8b465ee728b)  -> (artifact id: '6f1e300d3f10a3c7ff9ad266ce82c667') in 0.016883 seconds 
========================================================================
Received Import Request.
  Time since last request: 0.000064 seconds.
  path: Assets/cube23.fbx
  artifactKey: Guid(a501232330f854157ab1884f1d57f998) Importer(815301076,1909f56bfc062723c751e8b465ee728b)
Start importing Assets/cube23.fbx using Guid(a501232330f854157ab1884f1d57f998) Importer(815301076,1909f56bfc062723c751e8b465ee728b)  -> (artifact id: '1f2b7b97432cec01ae66660724454486') in 0.017902 seconds 
========================================================================
Received Prepare
Registering precompiled user dll's ...
Registered in 0.001942 seconds.
Begin MonoManager ReloadAssembly
Thread 0x295a9b000 may have been prematurely finalized
Symbol file LoadedFromMemory doesn't match image /Users/astanik6612/Documents/GitHub/anselscubes/AnselsCubes/Library/PackageCache/com.unity.visualscripting@1.7.8/Editor/VisualScripting.Core/Dependencies/YamlDotNet/Unity.VisualScripting.YamlDotNet.dll
Symbol file LoadedFromMemory doesn't match image /Users/astanik6612/Documents/GitHub/anselscubes/AnselsCubes/Library/PackageCache/com.unity.visualscripting@1.7.8/Editor/VisualScripting.Core/Dependencies/DotNetZip/Unity.VisualScripting.IonicZip.dll
Native extension for Android target not found
Native extension for OSXStandalone target not found
Native extension for WebGL target not found
Refreshing native plugins compatible for Editor in 89.72 ms, found 2 plugins.
Preloading 0 native plugins for Editor in 0.00 ms.
Mono: successfully reloaded assembly
- Completed reload, in  0.754 seconds
Domain Reload Profiling:
	ReloadAssembly (754ms)
		BeginReloadAssembly (85ms)
			ExecutionOrderSort (0ms)
			DisableScriptedObjects (2ms)
			BackupInstance (0ms)
			ReleaseScriptingObjects (0ms)
			CreateAndSetChildDomain (39ms)
		EndReloadAssembly (610ms)
			LoadAssemblies (34ms)
			RebuildTransferFunctionScriptingTraits (0ms)
			SetupTypeCache (212ms)
			ReleaseScriptCaches (1ms)
			RebuildScriptCaches (28ms)
			SetupLoadedEditorAssemblies (301ms)
				LogAssemblyErrors (0ms)
				InitializePlatformSupportModulesInManaged (11ms)
				SetLoadedEditorAssemblies (0ms)
				RefreshPlugins (90ms)
				BeforeProcessingInitializeOnLoad (38ms)
				ProcessInitializeOnLoadAttributes (120ms)
				ProcessInitializeOnLoadMethodAttributes (42ms)
				AfterProcessingInitializeOnLoad (1ms)
				EditorAssembliesLoaded (0ms)
			ExecutionOrderSort2 (0ms)
			AwakeInstancesAfterBackupRestoration (2ms)
Platform modules already initialized, skipping
Shader 'Universal Render Pipeline/Particles/Simple Lit': fallback shader 'Universal Render Pipeline/Particles/Unlit' not found
Shader 'Universal Render Pipeline/Nature/SpeedTree7': dependency 'BillboardShader' shader 'Universal Render Pipeline/Nature/SpeedTree7 Billboard' not found
Shader 'Hidden/Universal Render Pipeline/Terrain/Lit (Add Pass)': fallback shader 'Hidden/Universal Render Pipeline/FallbackError' not found
Shader 'Hidden/Universal Render Pipeline/Terrain/Lit (Base Pass)': fallback shader 'Hidden/Universal Render Pipeline/FallbackError' not found
WARNING: Shader Unsupported: 'Hidden/Universal Render Pipeline/Terrain/Lit (Base Pass)' - All subshaders removed
WARNING: Shader Did you use #pragma only_renderers and omit this platform?
WARNING: Shader If subshaders removal was intentional, you may have forgotten turning Fallback off?
WARNING: Shader Unsupported: 'Hidden/Universal Render Pipeline/Terrain/Lit (Base Pass)' - All subshaders removed
WARNING: Shader Did you use #pragma only_renderers and omit this platform?
WARNING: Shader If subshaders removal was intentional, you may have forgotten turning Fallback off?
Shader 'Universal Render Pipeline/Unlit': fallback shader 'Hidden/Universal Render Pipeline/FallbackError' not found
Shader 'Hidden/Universal Render Pipeline/StencilDeferred': fallback shader 'Hidden/Universal Render Pipeline/FallbackError' not found
Shader 'Universal Render Pipeline/Simple Lit': fallback shader 'Hidden/Universal Render Pipeline/FallbackError' not found
Refreshing native plugins compatible for Editor in 1.09 ms, found 2 plugins.
Preloading 0 native plugins for Editor in 0.00 ms.
Unloading 5098 Unused Serialized files (Serialized files now loaded: 0)
Unloading 98 unused Assets / (6.0 MB). Loaded Objects now: 5532.
Memory consumption went from 332.1 MB to 326.0 MB.
Total: 8.248500 ms (FindLiveObjects: 0.169084 ms CreateObjectMapping: 0.063833 ms MarkObjects: 6.496000 ms  DeleteObjects: 1.518791 ms)

AssetImportParameters requested are different than current active one (requested -> active):
  custom:video-decoder-ogg-theora: a1e56fd34408186e4bbccfd4996cb3dc -> 
  custom:container-muxer-webm: aa71ff27fc2769a1b78a27578f13a17b -> 
  custom:container-demuxer-webm: 4f35f7cbe854078d1ac9338744f61a02 -> 
  custom:video-encoder-webm-vp8: eb34c28f22e8b96e1ab97ce403110664 -> 
  custom:framework-osx-AVFoundation: e770b220cccbd017edd2c1fefb359320 -> 
  custom:audio-encoder-webm-vorbis: bf7c407c2cedff20999df2af8eb42d56 -> 
  custom:container-demuxer-ogg: 62fdf1f143b41e24485cea50d1cbac27 -> 
  custom:video-decoder-webm-vp8: 9c59270c3fd7afecdb556c50c9e8de78 -> 
  custom:audio-decoder-ogg-vorbis: bf7c407c2cedff20999df2af8eb42d56 -> 
========================================================================
Received Import Request.
  Time since last request: 67.293510 seconds.
  path: Assets/cube2.fbx
  artifactKey: Guid(d4e607f80e73847459cdd526382b56ee) Importer(815301076,1909f56bfc062723c751e8b465ee728b)
Start importing Assets/cube2.fbx using Guid(d4e607f80e73847459cdd526382b56ee) Importer(815301076,1909f56bfc062723c751e8b465ee728b)  -> (artifact id: '3872f1f44000523c0adc2c9d2e1f1c11') in 0.055970 seconds 
========================================================================
Received Import Request.
  Time since last request: 0.000102 seconds.
  path: Assets/cube10.fbx
  artifactKey: Guid(ff60257d702d44ac68e96f11ee27c855) Importer(815301076,1909f56bfc062723c751e8b465ee728b)
Start importing Assets/cube10.fbx using Guid(ff60257d702d44ac68e96f11ee27c855) Importer(815301076,1909f56bfc062723c751e8b465ee728b)  -> (artifact id: 'd9e7aae3a1ebb3021b9e8d17890c4c7a') in 0.014919 seconds 
========================================================================
Received Import Request.
  Time since last request: 0.000063 seconds.
  path: Assets/cube8.fbx
  artifactKey: Guid(d97573e861ac6497a84df913c3f0a1af) Importer(815301076,1909f56bfc062723c751e8b465ee728b)
Start importing Assets/cube8.fbx using Guid(d97573e861ac6497a84df913c3f0a1af) Importer(815301076,1909f56bfc062723c751e8b465ee728b)  -> (artifact id: '285fa8b1745ae58056a49c322cdfac08') in 0.021350 seconds 
========================================================================
Received Import Request.
  Time since last request: 0.000032 seconds.
  path: Assets/cube14.fbx
  artifactKey: Guid(75b784915726e4e43ac88bfdc6e56c37) Importer(815301076,1909f56bfc062723c751e8b465ee728b)
Start importing Assets/cube14.fbx using Guid(75b784915726e4e43ac88bfdc6e56c37) Importer(815301076,1909f56bfc062723c751e8b465ee728b)  -> (artifact id: 'a5efedf40f9db7c88816f58e7c5a3890') in 0.017196 seconds 
========================================================================
Received Import Request.
  Time since last request: 0.000052 seconds.
  path: Assets/cube9.fbx
  artifactKey: Guid(a62d09268fdca46f1bd3dbf70b08ef89) Importer(815301076,1909f56bfc062723c751e8b465ee728b)
Start importing Assets/cube9.fbx using Guid(a62d09268fdca46f1bd3dbf70b08ef89) Importer(815301076,1909f56bfc062723c751e8b465ee728b)  -> (artifact id: '4b3ebfee6f0ed619aab925daabf61ba6') in 0.019573 seconds 
========================================================================
Received Import Request.
  Time since last request: 0.000056 seconds.
  path: Assets/cube6.fbx
  artifactKey: Guid(d41c6ca803b2a45f6bb3b91dca6acc32) Importer(815301076,1909f56bfc062723c751e8b465ee728b)
Start importing Assets/cube6.fbx using Guid(d41c6ca803b2a45f6bb3b91dca6acc32) Importer(815301076,1909f56bfc062723c751e8b465ee728b)  -> (artifact id: '30f91c49dc288bba878450d34d072604') in 0.021266 seconds 
========================================================================
Received Import Request.
  Time since last request: 0.000060 seconds.
  path: Assets/cube11.fbx
  artifactKey: Guid(921634ef199f94d55b399fd078b2771b) Importer(815301076,1909f56bfc062723c751e8b465ee728b)
Start importing Assets/cube11.fbx using Guid(921634ef199f94d55b399fd078b2771b) Importer(815301076,1909f56bfc062723c751e8b465ee728b)  -> (artifact id: '5b89591310e3288645a1f06c324afbc5') in 0.018332 seconds 
========================================================================
Received Import Request.
  Time since last request: 0.000059 seconds.
  path: Assets/cube20.fbx
  artifactKey: Guid(cd5f5652277574bc18111e8b61862cd0) Importer(815301076,1909f56bfc062723c751e8b465ee728b)
Start importing Assets/cube20.fbx using Guid(cd5f5652277574bc18111e8b61862cd0) Importer(815301076,1909f56bfc062723c751e8b465ee728b)  -> (artifact id: '2471199d528caf69d571d6bd6824631c') in 0.020067 seconds 
========================================================================
Received Import Request.
  Time since last request: 0.000034 seconds.
  path: Assets/cube26.fbx
  artifactKey: Guid(5bf6754cfe5784a8cb93cdb2638ceebf) Importer(815301076,1909f56bfc062723c751e8b465ee728b)
Start importing Assets/cube26.fbx using Guid(5bf6754cfe5784a8cb93cdb2638ceebf) Importer(815301076,1909f56bfc062723c751e8b465ee728b)  -> (artifact id: 'a4ae715f20d6023113a744fee926faf7') in 0.013953 seconds 
========================================================================
Received Import Request.
  Time since last request: 0.000056 seconds.
  path: Assets/cube18.fbx
  artifactKey: Guid(1c77af0a01f42474b8fbdc1cfb5c4239) Importer(815301076,1909f56bfc062723c751e8b465ee728b)
Start importing Assets/cube18.fbx using Guid(1c77af0a01f42474b8fbdc1cfb5c4239) Importer(815301076,1909f56bfc062723c751e8b465ee728b)  -> (artifact id: 'c4b57db7da0facc6a7a59db4c3fbdfc3') in 0.018144 seconds 
========================================================================
Received Import Request.
  Time since last request: 0.000048 seconds.
  path: Assets/cube21.fbx
  artifactKey: Guid(2cdcb6407ddcb42fb8441251ef1312a1) Importer(815301076,1909f56bfc062723c751e8b465ee728b)
Start importing Assets/cube21.fbx using Guid(2cdcb6407ddcb42fb8441251ef1312a1) Importer(815301076,1909f56bfc062723c751e8b465ee728b)  -> (artifact id: 'bc09ed7d6c9e91d8737bdea81bcc3ab7') in 0.020702 seconds 
========================================================================
Received Import Request.
  Time since last request: 0.000041 seconds.
  path: Assets/cube24.fbx
  artifactKey: Guid(11bf7a6f567ae430fa9b46f682dc9211) Importer(815301076,1909f56bfc062723c751e8b465ee728b)
Start importing Assets/cube24.fbx using Guid(11bf7a6f567ae430fa9b46f682dc9211) Importer(815301076,1909f56bfc062723c751e8b465ee728b)  -> (artifact id: '7e4c8391e76690cee4bfea37f0b7d26d') in 0.018326 seconds 
========================================================================
Received Import Request.
  Time since last request: 0.000050 seconds.
  path: Assets/cube23.fbx
  artifactKey: Guid(a501232330f854157ab1884f1d57f998) Importer(815301076,1909f56bfc062723c751e8b465ee728b)
Start importing Assets/cube23.fbx using Guid(a501232330f854157ab1884f1d57f998) Importer(815301076,1909f56bfc062723c751e8b465ee728b)  -> (artifact id: 'c2cc3d909be48e5e0ef769f849559c11') in 0.019771 seconds 
========================================================================
Received Import Request.
  Time since last request: 38.564011 seconds.
  path: Assets/New Universal Render Pipeline Asset_Renderer.asset
  artifactKey: Guid(1eda5898075d44a2783aa8d9c2594630) Importer(815301076,1909f56bfc062723c751e8b465ee728b)
Start importing Assets/New Universal Render Pipeline Asset_Renderer.asset using Guid(1eda5898075d44a2783aa8d9c2594630) Importer(815301076,1909f56bfc062723c751e8b465ee728b)  -> (artifact id: 'f2966fbb32b6b691cf222b0436ab8473') in 0.036638 seconds 
========================================================================
Received Prepare
Switching render pipeline 00000000000000000000000000000000 -> fd328c90fbdf24d8f8e22fe3d98c9909
Refreshing native plugins compatible for Editor in 1.93 ms, found 2 plugins.
Preloading 0 native plugins for Editor in 0.00 ms.
Unloading 146 Unused Serialized files (Serialized files now loaded: 0)
Unloading 71 unused Assets / (4.2 MB). Loaded Objects now: 5608.
Memory consumption went from 242.4 MB to 238.2 MB.
Total: 5.864625 ms (FindLiveObjects: 0.145667 ms CreateObjectMapping: 0.056208 ms MarkObjects: 4.627417 ms  DeleteObjects: 1.034750 ms)

AssetImportParameters requested are different than current active one (requested -> active):
  custom:video-decoder-ogg-theora: a1e56fd34408186e4bbccfd4996cb3dc -> 
  custom:container-muxer-webm: aa71ff27fc2769a1b78a27578f13a17b -> 
  custom:container-demuxer-webm: 4f35f7cbe854078d1ac9338744f61a02 -> 
  custom:video-encoder-webm-vp8: eb34c28f22e8b96e1ab97ce403110664 -> 
  custom:framework-osx-AVFoundation: e770b220cccbd017edd2c1fefb359320 -> 
  custom:audio-encoder-webm-vorbis: bf7c407c2cedff20999df2af8eb42d56 -> 
  custom:container-demuxer-ogg: 62fdf1f143b41e24485cea50d1cbac27 -> 
  custom:video-decoder-webm-vp8: 9c59270c3fd7afecdb556c50c9e8de78 -> 
  custom:audio-decoder-ogg-vorbis: bf7c407c2cedff20999df2af8eb42d56 -> 
========================================================================
Received Import Request.
  Time since last request: 9.903249 seconds.
  path: Assets/cube2.fbx
  artifactKey: Guid(d4e607f80e73847459cdd526382b56ee) Importer(815301076,1909f56bfc062723c751e8b465ee728b)
Start importing Assets/cube2.fbx using Guid(d4e607f80e73847459cdd526382b56ee) Importer(815301076,1909f56bfc062723c751e8b465ee728b)  -> (artifact id: '561d7b324ef4b555e4d4a5962c4768e9') in 1.122885 seconds 
========================================================================
Received Import Request.
  Time since last request: 0.000067 seconds.
  path: Assets/cube10.fbx
  artifactKey: Guid(ff60257d702d44ac68e96f11ee27c855) Importer(815301076,1909f56bfc062723c751e8b465ee728b)
Start importing Assets/cube10.fbx using Guid(ff60257d702d44ac68e96f11ee27c855) Importer(815301076,1909f56bfc062723c751e8b465ee728b)  -> (artifact id: '709e48eb670c7ac5fd96db8e52de59a6') in 0.016253 seconds 
========================================================================
Received Import Request.
  Time since last request: 0.000045 seconds.
  path: Assets/New Universal Render Pipeline Asset.asset
  artifactKey: Guid(fd328c90fbdf24d8f8e22fe3d98c9909) Importer(815301076,1909f56bfc062723c751e8b465ee728b)
Start importing Assets/New Universal Render Pipeline Asset.asset using Guid(fd328c90fbdf24d8f8e22fe3d98c9909) Importer(815301076,1909f56bfc062723c751e8b465ee728b)  -> (artifact id: 'f75bc6f440a11492746241b0f560a8b8') in 0.001314 seconds 
========================================================================
Received Import Request.
  Time since last request: 0.000030 seconds.
  path: Assets/cube8.fbx
  artifactKey: Guid(d97573e861ac6497a84df913c3f0a1af) Importer(815301076,1909f56bfc062723c751e8b465ee728b)
Start importing Assets/cube8.fbx using Guid(d97573e861ac6497a84df913c3f0a1af) Importer(815301076,1909f56bfc062723c751e8b465ee728b)  -> (artifact id: '47e913e9098779e48db3da84972b1e74') in 0.022779 seconds 
========================================================================
Received Import Request.
  Time since last request: 0.000053 seconds.
  path: Assets/cube14.fbx
  artifactKey: Guid(75b784915726e4e43ac88bfdc6e56c37) Importer(815301076,1909f56bfc062723c751e8b465ee728b)
Start importing Assets/cube14.fbx using Guid(75b784915726e4e43ac88bfdc6e56c37) Importer(815301076,1909f56bfc062723c751e8b465ee728b)  -> (artifact id: 'cb94dfbf75c2e76bdccafb8f7a532644') in 0.019359 seconds 
========================================================================
Received Import Request.
  Time since last request: 0.000044 seconds.
  path: Assets/cube9.fbx
  artifactKey: Guid(a62d09268fdca46f1bd3dbf70b08ef89) Importer(815301076,1909f56bfc062723c751e8b465ee728b)
Start importing Assets/cube9.fbx using Guid(a62d09268fdca46f1bd3dbf70b08ef89) Importer(815301076,1909f56bfc062723c751e8b465ee728b)  -> (artifact id: '4faa0ba87ba0c0aa2a2351065693c72a') in 0.021970 seconds 
========================================================================
Received Import Request.
  Time since last request: 0.000037 seconds.
  path: Assets/cube6.fbx
  artifactKey: Guid(d41c6ca803b2a45f6bb3b91dca6acc32) Importer(815301076,1909f56bfc062723c751e8b465ee728b)
Start importing Assets/cube6.fbx using Guid(d41c6ca803b2a45f6bb3b91dca6acc32) Importer(815301076,1909f56bfc062723c751e8b465ee728b)  -> (artifact id: 'fa189e2e09f2f2e77e0e123c51a3e846') in 0.023466 seconds 
========================================================================
Received Import Request.
  Time since last request: 0.000036 seconds.
  path: Assets/cube11.fbx
  artifactKey: Guid(921634ef199f94d55b399fd078b2771b) Importer(815301076,1909f56bfc062723c751e8b465ee728b)
Start importing Assets/cube11.fbx using Guid(921634ef199f94d55b399fd078b2771b) Importer(815301076,1909f56bfc062723c751e8b465ee728b)  -> (artifact id: '3b5c0309c08a878387c8e7f9df42a4af') in 0.019497 seconds 
========================================================================
Received Import Request.
  Time since last request: 0.000044 seconds.
  path: Assets/cube20.fbx
  artifactKey: Guid(cd5f5652277574bc18111e8b61862cd0) Importer(815301076,1909f56bfc062723c751e8b465ee728b)
Start importing Assets/cube20.fbx using Guid(cd5f5652277574bc18111e8b61862cd0) Importer(815301076,1909f56bfc062723c751e8b465ee728b)  -> (artifact id: '6c9700a3ce1e8e426dbbdf17ac86b177') in 0.021500 seconds 
========================================================================
Received Import Request.
  Time since last request: 0.000098 seconds.
  path: Assets/cube26.fbx
  artifactKey: Guid(5bf6754cfe5784a8cb93cdb2638ceebf) Importer(815301076,1909f56bfc062723c751e8b465ee728b)
Start importing Assets/cube26.fbx using Guid(5bf6754cfe5784a8cb93cdb2638ceebf) Importer(815301076,1909f56bfc062723c751e8b465ee728b)  -> (artifact id: '50405939a9f6ce4e47ea23b9f9814c4c') in 0.015272 seconds 
========================================================================
Received Import Request.
  Time since last request: 0.000046 seconds.
  path: Assets/cube18.fbx
  artifactKey: Guid(1c77af0a01f42474b8fbdc1cfb5c4239) Importer(815301076,1909f56bfc062723c751e8b465ee728b)
Start importing Assets/cube18.fbx using Guid(1c77af0a01f42474b8fbdc1cfb5c4239) Importer(815301076,1909f56bfc062723c751e8b465ee728b)  -> (artifact id: 'd68896f173b4297f990d830f6c7a8bf2') in 0.018387 seconds 
========================================================================
Received Import Request.
  Time since last request: 0.000047 seconds.
  path: Assets/cube21.fbx
  artifactKey: Guid(2cdcb6407ddcb42fb8441251ef1312a1) Importer(815301076,1909f56bfc062723c751e8b465ee728b)
Start importing Assets/cube21.fbx using Guid(2cdcb6407ddcb42fb8441251ef1312a1) Importer(815301076,1909f56bfc062723c751e8b465ee728b)  -> (artifact id: 'ee3529bd04939a145f1b2690200b4e2f') in 0.022846 seconds 
========================================================================
Received Import Request.
  Time since last request: 0.000060 seconds.
  path: Assets/cube24.fbx
  artifactKey: Guid(11bf7a6f567ae430fa9b46f682dc9211) Importer(815301076,1909f56bfc062723c751e8b465ee728b)
Start importing Assets/cube24.fbx using Guid(11bf7a6f567ae430fa9b46f682dc9211) Importer(815301076,1909f56bfc062723c751e8b465ee728b)  -> (artifact id: 'a59aefc766dbbc6c790ba9679d546825') in 0.018140 seconds 
========================================================================
Received Import Request.
  Time since last request: 0.000046 seconds.
  path: Assets/cube23.fbx
  artifactKey: Guid(a501232330f854157ab1884f1d57f998) Importer(815301076,1909f56bfc062723c751e8b465ee728b)
Start importing Assets/cube23.fbx using Guid(a501232330f854157ab1884f1d57f998) Importer(815301076,1909f56bfc062723c751e8b465ee728b)  -> (artifact id: '2954f5569568ccd533298a99c7c3a053') in 0.022357 seconds 
========================================================================
Received Prepare
Registering precompiled user dll's ...
Registered in 0.001718 seconds.
Begin MonoManager ReloadAssembly
Thread 0x16bc07000 may have been prematurely finalized
Symbol file LoadedFromMemory doesn't match image /Users/astanik6612/Documents/GitHub/anselscubes/AnselsCubes/Library/PackageCache/com.unity.visualscripting@1.7.8/Editor/VisualScripting.Core/Dependencies/YamlDotNet/Unity.VisualScripting.YamlDotNet.dll
Symbol file LoadedFromMemory doesn't match image /Users/astanik6612/Documents/GitHub/anselscubes/AnselsCubes/Library/PackageCache/com.unity.visualscripting@1.7.8/Editor/VisualScripting.Core/Dependencies/DotNetZip/Unity.VisualScripting.IonicZip.dll
Native extension for Android target not found
Native extension for OSXStandalone target not found
Native extension for WebGL target not found
Refreshing native plugins compatible for Editor in 0.50 ms, found 2 plugins.
Preloading 0 native plugins for Editor in 0.00 ms.
Mono: successfully reloaded assembly
- Completed reload, in  0.642 seconds
Domain Reload Profiling:
	ReloadAssembly (642ms)
		BeginReloadAssembly (73ms)
			ExecutionOrderSort (0ms)
			DisableScriptedObjects (4ms)
			BackupInstance (0ms)
			ReleaseScriptingObjects (0ms)
			CreateAndSetChildDomain (28ms)
		EndReloadAssembly (516ms)
			LoadAssemblies (33ms)
			RebuildTransferFunctionScriptingTraits (0ms)
			SetupTypeCache (181ms)
			ReleaseScriptCaches (1ms)
			RebuildScriptCaches (31ms)
			SetupLoadedEditorAssemblies (222ms)
				LogAssemblyErrors (0ms)
				InitializePlatformSupportModulesInManaged (10ms)
				SetLoadedEditorAssemblies (0ms)
				RefreshPlugins (1ms)
				BeforeProcessingInitializeOnLoad (48ms)
				ProcessInitializeOnLoadAttributes (120ms)
				ProcessInitializeOnLoadMethodAttributes (42ms)
				AfterProcessingInitializeOnLoad (1ms)
				EditorAssembliesLoaded (0ms)
			ExecutionOrderSort2 (0ms)
			AwakeInstancesAfterBackupRestoration (5ms)
Platform modules already initialized, skipping
Refreshing native plugins compatible for Editor in 0.88 ms, found 2 plugins.
Preloading 0 native plugins for Editor in 0.00 ms.
Unloading 5078 Unused Serialized files (Serialized files now loaded: 0)
Unloading 65 unused Assets / (3.4 MB). Loaded Objects now: 5662.
Memory consumption went from 341.4 MB to 338.0 MB.
Total: 3.294208 ms (FindLiveObjects: 0.156958 ms CreateObjectMapping: 0.057875 ms MarkObjects: 2.036708 ms  DeleteObjects: 1.042208 ms)

AssetImportParameters requested are different than current active one (requested -> active):
  custom:video-decoder-ogg-theora: a1e56fd34408186e4bbccfd4996cb3dc -> 
  custom:container-muxer-webm: aa71ff27fc2769a1b78a27578f13a17b -> 
  custom:container-demuxer-webm: 4f35f7cbe854078d1ac9338744f61a02 -> 
  custom:video-encoder-webm-vp8: eb34c28f22e8b96e1ab97ce403110664 -> 
  custom:framework-osx-AVFoundation: e770b220cccbd017edd2c1fefb359320 -> 
  custom:audio-encoder-webm-vorbis: bf7c407c2cedff20999df2af8eb42d56 -> 
  custom:container-demuxer-ogg: 62fdf1f143b41e24485cea50d1cbac27 -> 
  custom:video-decoder-webm-vp8: 9c59270c3fd7afecdb556c50c9e8de78 -> 
  custom:audio-decoder-ogg-vorbis: bf7c407c2cedff20999df2af8eb42d56 -> 
========================================================================
Received Prepare
Registering precompiled user dll's ...
Registered in 0.001725 seconds.
Begin MonoManager ReloadAssembly
Thread 0x16b4eb000 may have been prematurely finalized
Symbol file LoadedFromMemory doesn't match image /Users/astanik6612/Documents/GitHub/anselscubes/AnselsCubes/Library/PackageCache/com.unity.visualscripting@1.7.8/Editor/VisualScripting.Core/Dependencies/YamlDotNet/Unity.VisualScripting.YamlDotNet.dll
Symbol file LoadedFromMemory doesn't match image /Users/astanik6612/Documents/GitHub/anselscubes/AnselsCubes/Library/PackageCache/com.unity.visualscripting@1.7.8/Editor/VisualScripting.Core/Dependencies/DotNetZip/Unity.VisualScripting.IonicZip.dll
Native extension for Android target not found
Native extension for OSXStandalone target not found
Native extension for WebGL target not found
Refreshing native plugins compatible for Editor in 0.52 ms, found 2 plugins.
Preloading 0 native plugins for Editor in 0.00 ms.
Mono: successfully reloaded assembly
- Completed reload, in  0.685 seconds
Domain Reload Profiling:
	ReloadAssembly (686ms)
		BeginReloadAssembly (71ms)
			ExecutionOrderSort (0ms)
			DisableScriptedObjects (3ms)
			BackupInstance (0ms)
			ReleaseScriptingObjects (0ms)
			CreateAndSetChildDomain (27ms)
		EndReloadAssembly (562ms)
			LoadAssemblies (30ms)
			RebuildTransferFunctionScriptingTraits (0ms)
			SetupTypeCache (195ms)
			ReleaseScriptCaches (1ms)
			RebuildScriptCaches (33ms)
			SetupLoadedEditorAssemblies (249ms)
				LogAssemblyErrors (0ms)
				InitializePlatformSupportModulesInManaged (11ms)
				SetLoadedEditorAssemblies (0ms)
				RefreshPlugins (1ms)
				BeforeProcessingInitializeOnLoad (52ms)
				ProcessInitializeOnLoadAttributes (136ms)
				ProcessInitializeOnLoadMethodAttributes (49ms)
				AfterProcessingInitializeOnLoad (1ms)
				EditorAssembliesLoaded (0ms)
			ExecutionOrderSort2 (0ms)
			AwakeInstancesAfterBackupRestoration (5ms)
Platform modules already initialized, skipping
Refreshing native plugins compatible for Editor in 0.95 ms, found 2 plugins.
Preloading 0 native plugins for Editor in 0.00 ms.
Unloading 5072 Unused Serialized files (Serialized files now loaded: 0)
Unloading 64 unused Assets / (3.3 MB). Loaded Objects now: 5665.
Memory consumption went from 341.1 MB to 337.7 MB.
Total: 3.459125 ms (FindLiveObjects: 0.178875 ms CreateObjectMapping: 0.062791 ms MarkObjects: 2.195375 ms  DeleteObjects: 1.021625 ms)

AssetImportParameters requested are different than current active one (requested -> active):
  custom:video-decoder-ogg-theora: a1e56fd34408186e4bbccfd4996cb3dc -> 
  custom:container-muxer-webm: aa71ff27fc2769a1b78a27578f13a17b -> 
  custom:container-demuxer-webm: 4f35f7cbe854078d1ac9338744f61a02 -> 
  custom:video-encoder-webm-vp8: eb34c28f22e8b96e1ab97ce403110664 -> 
  custom:framework-osx-AVFoundation: e770b220cccbd017edd2c1fefb359320 -> 
  custom:audio-encoder-webm-vorbis: bf7c407c2cedff20999df2af8eb42d56 -> 
  custom:container-demuxer-ogg: 62fdf1f143b41e24485cea50d1cbac27 -> 
  custom:video-decoder-webm-vp8: 9c59270c3fd7afecdb556c50c9e8de78 -> 
  custom:audio-decoder-ogg-vorbis: bf7c407c2cedff20999df2af8eb42d56 -> 
========================================================================
Received Prepare
Registering precompiled user dll's ...
Registered in 0.001691 seconds.
Begin MonoManager ReloadAssembly
Thread 0x16b4eb000 may have been prematurely finalized
Symbol file LoadedFromMemory doesn't match image /Users/astanik6612/Documents/GitHub/anselscubes/AnselsCubes/Library/PackageCache/com.unity.visualscripting@1.7.8/Editor/VisualScripting.Core/Dependencies/YamlDotNet/Unity.VisualScripting.YamlDotNet.dll
Symbol file LoadedFromMemory doesn't match image /Users/astanik6612/Documents/GitHub/anselscubes/AnselsCubes/Library/PackageCache/com.unity.visualscripting@1.7.8/Editor/VisualScripting.Core/Dependencies/DotNetZip/Unity.VisualScripting.IonicZip.dll
Native extension for Android target not found
Native extension for OSXStandalone target not found
Native extension for WebGL target not found
Refreshing native plugins compatible for Editor in 0.49 ms, found 2 plugins.
Preloading 0 native plugins for Editor in 0.00 ms.
Mono: successfully reloaded assembly
- Completed reload, in  0.628 seconds
Domain Reload Profiling:
	ReloadAssembly (629ms)
		BeginReloadAssembly (70ms)
			ExecutionOrderSort (0ms)
			DisableScriptedObjects (3ms)
			BackupInstance (0ms)
			ReleaseScriptingObjects (0ms)
			CreateAndSetChildDomain (26ms)
		EndReloadAssembly (505ms)
			LoadAssemblies (32ms)
			RebuildTransferFunctionScriptingTraits (0ms)
			SetupTypeCache (179ms)
			ReleaseScriptCaches (1ms)
			RebuildScriptCaches (28ms)
			SetupLoadedEditorAssemblies (220ms)
				LogAssemblyErrors (0ms)
				InitializePlatformSupportModulesInManaged (10ms)
				SetLoadedEditorAssemblies (0ms)
				RefreshPlugins (1ms)
				BeforeProcessingInitializeOnLoad (47ms)
				ProcessInitializeOnLoadAttributes (120ms)
				ProcessInitializeOnLoadMethodAttributes (42ms)
				AfterProcessingInitializeOnLoad (1ms)
				EditorAssembliesLoaded (0ms)
			ExecutionOrderSort2 (0ms)
			AwakeInstancesAfterBackupRestoration (4ms)
Platform modules already initialized, skipping
Refreshing native plugins compatible for Editor in 1.00 ms, found 2 plugins.
Preloading 0 native plugins for Editor in 0.00 ms.
Unloading 5072 Unused Serialized files (Serialized files now loaded: 0)
Unloading 64 unused Assets / (3.3 MB). Loaded Objects now: 5668.
Memory consumption went from 341.3 MB to 337.9 MB.
Total: 3.346834 ms (FindLiveObjects: 0.163708 ms CreateObjectMapping: 0.058500 ms MarkObjects: 2.146792 ms  DeleteObjects: 0.977209 ms)

AssetImportParameters requested are different than current active one (requested -> active):
  custom:video-decoder-ogg-theora: a1e56fd34408186e4bbccfd4996cb3dc -> 
  custom:container-muxer-webm: aa71ff27fc2769a1b78a27578f13a17b -> 
  custom:container-demuxer-webm: 4f35f7cbe854078d1ac9338744f61a02 -> 
  custom:video-encoder-webm-vp8: eb34c28f22e8b96e1ab97ce403110664 -> 
  custom:framework-osx-AVFoundation: e770b220cccbd017edd2c1fefb359320 -> 
  custom:audio-encoder-webm-vorbis: bf7c407c2cedff20999df2af8eb42d56 -> 
  custom:container-demuxer-ogg: 62fdf1f143b41e24485cea50d1cbac27 -> 
  custom:video-decoder-webm-vp8: 9c59270c3fd7afecdb556c50c9e8de78 -> 
  custom:audio-decoder-ogg-vorbis: bf7c407c2cedff20999df2af8eb42d56 -> 
========================================================================
Received Prepare
Registering precompiled user dll's ...
Registered in 0.001673 seconds.
Begin MonoManager ReloadAssembly
Thread 0x16b4eb000 may have been prematurely finalized
Symbol file LoadedFromMemory doesn't match image /Users/astanik6612/Documents/GitHub/anselscubes/AnselsCubes/Library/PackageCache/com.unity.visualscripting@1.7.8/Editor/VisualScripting.Core/Dependencies/YamlDotNet/Unity.VisualScripting.YamlDotNet.dll
Symbol file LoadedFromMemory doesn't match image /Users/astanik6612/Documents/GitHub/anselscubes/AnselsCubes/Library/PackageCache/com.unity.visualscripting@1.7.8/Editor/VisualScripting.Core/Dependencies/DotNetZip/Unity.VisualScripting.IonicZip.dll
Native extension for Android target not found
Native extension for OSXStandalone target not found
Native extension for WebGL target not found
Refreshing native plugins compatible for Editor in 0.53 ms, found 2 plugins.
Preloading 0 native plugins for Editor in 0.00 ms.
Mono: successfully reloaded assembly
- Completed reload, in  0.698 seconds
Domain Reload Profiling:
	ReloadAssembly (699ms)
		BeginReloadAssembly (71ms)
			ExecutionOrderSort (0ms)
			DisableScriptedObjects (3ms)
			BackupInstance (0ms)
			ReleaseScriptingObjects (0ms)
			CreateAndSetChildDomain (26ms)
		EndReloadAssembly (572ms)
			LoadAssemblies (34ms)
			RebuildTransferFunctionScriptingTraits (0ms)
			SetupTypeCache (199ms)
			ReleaseScriptCaches (1ms)
			RebuildScriptCaches (32ms)
			SetupLoadedEditorAssemblies (254ms)
				LogAssemblyErrors (0ms)
				InitializePlatformSupportModulesInManaged (11ms)
				SetLoadedEditorAssemblies (0ms)
				RefreshPlugins (1ms)
				BeforeProcessingInitializeOnLoad (52ms)
				ProcessInitializeOnLoadAttributes (137ms)
				ProcessInitializeOnLoadMethodAttributes (53ms)
				AfterProcessingInitializeOnLoad (1ms)
				EditorAssembliesLoaded (0ms)
			ExecutionOrderSort2 (0ms)
			AwakeInstancesAfterBackupRestoration (6ms)
Platform modules already initialized, skipping
Refreshing native plugins compatible for Editor in 0.79 ms, found 2 plugins.
Preloading 0 native plugins for Editor in 0.00 ms.
Unloading 5072 Unused Serialized files (Serialized files now loaded: 0)
Unloading 64 unused Assets / (3.4 MB). Loaded Objects now: 5671.
Memory consumption went from 341.8 MB to 338.4 MB.
Total: 3.380208 ms (FindLiveObjects: 0.154667 ms CreateObjectMapping: 0.059000 ms MarkObjects: 2.229125 ms  DeleteObjects: 0.936916 ms)

AssetImportParameters requested are different than current active one (requested -> active):
  custom:video-decoder-ogg-theora: a1e56fd34408186e4bbccfd4996cb3dc -> 
  custom:container-muxer-webm: aa71ff27fc2769a1b78a27578f13a17b -> 
  custom:container-demuxer-webm: 4f35f7cbe854078d1ac9338744f61a02 -> 
  custom:video-encoder-webm-vp8: eb34c28f22e8b96e1ab97ce403110664 -> 
  custom:framework-osx-AVFoundation: e770b220cccbd017edd2c1fefb359320 -> 
  custom:audio-encoder-webm-vorbis: bf7c407c2cedff20999df2af8eb42d56 -> 
  custom:container-demuxer-ogg: 62fdf1f143b41e24485cea50d1cbac27 -> 
  custom:video-decoder-webm-vp8: 9c59270c3fd7afecdb556c50c9e8de78 -> 
  custom:audio-decoder-ogg-vorbis: bf7c407c2cedff20999df2af8eb42d56 -> 
