Unity Editor version:    2021.3.9f1 (ad3870b89536)
Branch:                  2021.3/staging
Build type:              Release
Batch mode:              YES
macOS version:           Version 12.6 (Build 21G115)
Darwin version:          21.6.0
Architecture:            arm64
Running under Rosetta:   NO
Available memory:        32768 MB
Using pre-set license
Pro License: YES

COMMAND LINE ARGUMENTS:
/Applications/Unity/Hub/Editor/2021.3.9f1/Unity.app/Contents/MacOS/Unity
-adb2
-batchMode
-noUpm
-name
AssetImportWorker0
-projectPath
/Users/astanik6612/Documents/GitHub/anselscubes/AnselsCubes
-logFile
Logs/AssetImportWorker0.log
-srvPort
59121
Successfully changed project path to: /Users/astanik6612/Documents/GitHub/anselscubes/AnselsCubes
Could not lock editor preferences. Preferences updates for this instance of Unity will not be saved./Users/astanik6612/Documents/GitHub/anselscubes/AnselsCubes
[UnityMemory] Configuration Parameters - Can be set up in boot.config
    "memorysetup-bucket-allocator-granularity=16"
    "memorysetup-bucket-allocator-bucket-count=8"
    "memorysetup-bucket-allocator-block-size=33554432"
    "memorysetup-bucket-allocator-block-count=8"
    "memorysetup-main-allocator-block-size=16777216"
    "memorysetup-thread-allocator-block-size=16777216"
    "memorysetup-gfx-main-allocator-block-size=16777216"
    "memorysetup-gfx-thread-allocator-block-size=16777216"
    "memorysetup-cache-allocator-block-size=4194304"
    "memorysetup-typetree-allocator-block-size=2097152"
    "memorysetup-profiler-bucket-allocator-granularity=16"
    "memorysetup-profiler-bucket-allocator-bucket-count=8"
    "memorysetup-profiler-bucket-allocator-block-size=33554432"
    "memorysetup-profiler-bucket-allocator-block-count=8"
    "memorysetup-profiler-allocator-block-size=16777216"
    "memorysetup-profiler-editor-allocator-block-size=1048576"
    "memorysetup-temp-allocator-size-main=16777216"
    "memorysetup-job-temp-allocator-block-size=2097152"
    "memorysetup-job-temp-allocator-block-size-background=1048576"
    "memorysetup-job-temp-allocator-reduction-small-platforms=262144"
    "memorysetup-temp-allocator-size-background-worker=32768"
    "memorysetup-temp-allocator-size-job-worker=262144"
    "memorysetup-temp-allocator-size-preload-manager=33554432"
    "memorysetup-temp-allocator-size-nav-mesh-worker=65536"
    "memorysetup-temp-allocator-size-audio-worker=65536"
    "memorysetup-temp-allocator-size-cloud-worker=32768"
    "memorysetup-temp-allocator-size-gi-baking-worker=262144"
    "memorysetup-temp-allocator-size-gfx=262144"
Refreshing native plugins compatible for Editor in 56.85 ms, found 2 plugins.
Preloading 0 native plugins for Editor in 0.00 ms.
Initialize engine version: 2021.3.9f1 (ad3870b89536)
[Subsystems] Discovering subsystems at path /Applications/Unity/Hub/Editor/2021.3.9f1/Unity.app/Contents/Resources/UnitySubsystems
[Subsystems] Discovering subsystems at path /Users/astanik6612/Documents/GitHub/anselscubes/AnselsCubes/Assets
GfxDevice: creating device client; threaded=0; jobified=0
 preferred device: Apple M1 Max (high power)
Metal devices available: 1
0: Apple M1 Max (high power)
Using device Apple M1 Max (high power)
Initializing Metal device caps: Apple M1 Max
Initialize mono
Mono path[0] = '/Applications/Unity/Hub/Editor/2021.3.9f1/Unity.app/Contents/Managed'
Mono path[1] = '/Applications/Unity/Hub/Editor/2021.3.9f1/Unity.app/Contents/MonoBleedingEdge/lib/mono/unityjit-macos'
Mono config path = '/Applications/Unity/Hub/Editor/2021.3.9f1/Unity.app/Contents/MonoBleedingEdge/etc'
Using monoOptions --debugger-agent=transport=dt_socket,embedding=1,server=y,suspend=n,address=127.0.0.1:56158
Begin MonoManager ReloadAssembly
Registering precompiled unity dll's ...
Register platform support module: /Applications/Unity/Hub/Editor/2021.3.9f1/PlaybackEngines/WebGLSupport/UnityEditor.WebGL.Extensions.dll
Register platform support module: /Applications/Unity/Hub/Editor/2021.3.9f1/Unity.app/Contents/PlaybackEngines/MacStandaloneSupport/UnityEditor.OSXStandalone.Extensions.dll
Register platform support module: /Applications/Unity/Hub/Editor/2021.3.9f1/PlaybackEngines/AndroidPlayer/UnityEditor.Android.Extensions.dll
Registered in 0.000524 seconds.
Native extension for Android target not found
Native extension for OSXStandalone target not found
Native extension for WebGL target not found
Refreshing native plugins compatible for Editor in 61.55 ms, found 2 plugins.
Preloading 0 native plugins for Editor in 0.00 ms.
Mono: successfully reloaded assembly
- Completed reload, in  0.363 seconds
Domain Reload Profiling:
	ReloadAssembly (363ms)
		BeginReloadAssembly (25ms)
			ExecutionOrderSort (0ms)
			DisableScriptedObjects (0ms)
			BackupInstance (0ms)
			ReleaseScriptingObjects (0ms)
			CreateAndSetChildDomain (0ms)
		EndReloadAssembly (275ms)
			LoadAssemblies (25ms)
			RebuildTransferFunctionScriptingTraits (0ms)
			SetupTypeCache (68ms)
			ReleaseScriptCaches (0ms)
			RebuildScriptCaches (19ms)
			SetupLoadedEditorAssemblies (163ms)
				LogAssemblyErrors (0ms)
				InitializePlatformSupportModulesInManaged (27ms)
				SetLoadedEditorAssemblies (0ms)
				RefreshPlugins (62ms)
				BeforeProcessingInitializeOnLoad (1ms)
				ProcessInitializeOnLoadAttributes (50ms)
				ProcessInitializeOnLoadMethodAttributes (24ms)
				AfterProcessingInitializeOnLoad (0ms)
				EditorAssembliesLoaded (0ms)
			ExecutionOrderSort2 (0ms)
			AwakeInstancesAfterBackupRestoration (0ms)
Platform modules already initialized, skipping
Registering precompiled user dll's ...
Registered in 0.001470 seconds.
Begin MonoManager ReloadAssembly
Symbol file LoadedFromMemory doesn't match image /Users/astanik6612/Documents/GitHub/anselscubes/AnselsCubes/Library/PackageCache/com.unity.visualscripting@1.7.8/Editor/VisualScripting.Core/Dependencies/YamlDotNet/Unity.VisualScripting.YamlDotNet.dll
Symbol file LoadedFromMemory doesn't match image /Users/astanik6612/Documents/GitHub/anselscubes/AnselsCubes/Library/PackageCache/com.unity.visualscripting@1.7.8/Editor/VisualScripting.Core/Dependencies/DotNetZip/Unity.VisualScripting.IonicZip.dll
Native extension for Android target not found
Native extension for OSXStandalone target not found
Native extension for WebGL target not found
Refreshing native plugins compatible for Editor in 0.33 ms, found 2 plugins.
Preloading 0 native plugins for Editor in 0.00 ms.
Mono: successfully reloaded assembly
- Completed reload, in  0.659 seconds
Domain Reload Profiling:
	ReloadAssembly (659ms)
		BeginReloadAssembly (155ms)
			ExecutionOrderSort (0ms)
			DisableScriptedObjects (3ms)
			BackupInstance (0ms)
			ReleaseScriptingObjects (0ms)
			CreateAndSetChildDomain (115ms)
		EndReloadAssembly (438ms)
			LoadAssemblies (38ms)
			RebuildTransferFunctionScriptingTraits (0ms)
			SetupTypeCache (159ms)
			ReleaseScriptCaches (1ms)
			RebuildScriptCaches (31ms)
			SetupLoadedEditorAssemblies (187ms)
				LogAssemblyErrors (0ms)
				InitializePlatformSupportModulesInManaged (6ms)
				SetLoadedEditorAssemblies (0ms)
				RefreshPlugins (0ms)
				BeforeProcessingInitializeOnLoad (48ms)
				ProcessInitializeOnLoadAttributes (119ms)
				ProcessInitializeOnLoadMethodAttributes (14ms)
				AfterProcessingInitializeOnLoad (1ms)
				EditorAssembliesLoaded (0ms)
			ExecutionOrderSort2 (0ms)
			AwakeInstancesAfterBackupRestoration (2ms)
Platform modules already initialized, skipping
========================================================================
Worker process is ready to serve import requests
Launching external process: /Applications/Unity/Hub/Editor/2021.3.9f1/Unity.app/Contents/Tools/UnityShaderCompiler
Launched and connected shader compiler UnityShaderCompiler after 0.05 seconds
Refreshing native plugins compatible for Editor in 0.37 ms, found 2 plugins.
Preloading 0 native plugins for Editor in 0.00 ms.
Unloading 3381 Unused Serialized files (Serialized files now loaded: 0)
Unloading 25 unused Assets / (43.0 KB). Loaded Objects now: 3842.
Memory consumption went from 230.4 MB to 230.4 MB.
Total: 2.229042 ms (FindLiveObjects: 0.091709 ms CreateObjectMapping: 0.038708 ms MarkObjects: 2.044875 ms  DeleteObjects: 0.052875 ms)

AssetImportParameters requested are different than current active one (requested -> active):
  custom:video-decoder-ogg-theora: a1e56fd34408186e4bbccfd4996cb3dc -> 
  custom:container-muxer-webm: aa71ff27fc2769a1b78a27578f13a17b -> 
  custom:container-demuxer-webm: 4f35f7cbe854078d1ac9338744f61a02 -> 
  custom:video-encoder-webm-vp8: eb34c28f22e8b96e1ab97ce403110664 -> 
  custom:framework-osx-AVFoundation: e770b220cccbd017edd2c1fefb359320 -> 
  custom:audio-encoder-webm-vorbis: bf7c407c2cedff20999df2af8eb42d56 -> 
  custom:container-demuxer-ogg: 62fdf1f143b41e24485cea50d1cbac27 -> 
  custom:video-decoder-webm-vp8: 9c59270c3fd7afecdb556c50c9e8de78 -> 
  custom:audio-decoder-ogg-vorbis: bf7c407c2cedff20999df2af8eb42d56 -> 
========================================================================
Received Import Request.
  Time since last request: 39874.489905 seconds.
  path: Assets/cube10.fbx
  artifactKey: Guid(ff60257d702d44ac68e96f11ee27c855) Importer(815301076,1909f56bfc062723c751e8b465ee728b)
Start importing Assets/cube10.fbx using Guid(ff60257d702d44ac68e96f11ee27c855) Importer(815301076,1909f56bfc062723c751e8b465ee728b)  -> (artifact id: '006f8ece8372f4db821cbbbe6c25c74c') in 0.392462 seconds 
========================================================================
Received Import Request.
  Time since last request: 0.000035 seconds.
  path: Assets/cube17.fbx
  artifactKey: Guid(b6314dcf152ae49d09a9ff4fdfafc377) Importer(815301076,1909f56bfc062723c751e8b465ee728b)
Start importing Assets/cube17.fbx using Guid(b6314dcf152ae49d09a9ff4fdfafc377) Importer(815301076,1909f56bfc062723c751e8b465ee728b)  -> (artifact id: '9526a0562c392e7019663d5c58b5aa2a') in 0.014108 seconds 
========================================================================
Received Import Request.
  Time since last request: 0.000051 seconds.
  path: Assets/cube25.fbx
  artifactKey: Guid(577ec2b054c9143599ec6da01be01011) Importer(815301076,1909f56bfc062723c751e8b465ee728b)
Start importing Assets/cube25.fbx using Guid(577ec2b054c9143599ec6da01be01011) Importer(815301076,1909f56bfc062723c751e8b465ee728b)  -> (artifact id: '24aa4a26a9bce4d21455405906cf2035') in 0.019331 seconds 
========================================================================
Received Import Request.
  Time since last request: 0.000045 seconds.
  path: Assets/cube13.fbx
  artifactKey: Guid(f8a72b308572d49fc9766487ed749854) Importer(815301076,1909f56bfc062723c751e8b465ee728b)
Start importing Assets/cube13.fbx using Guid(f8a72b308572d49fc9766487ed749854) Importer(815301076,1909f56bfc062723c751e8b465ee728b)  -> (artifact id: '0b44c3e69ee5828b2f4474a75ce6ca5a') in 0.012944 seconds 
========================================================================
Received Import Request.
  Time since last request: 0.000070 seconds.
  path: Assets/cube5.fbx
  artifactKey: Guid(de1039117c9924833bc1efffdb2e3532) Importer(815301076,1909f56bfc062723c751e8b465ee728b)
Start importing Assets/cube5.fbx using Guid(de1039117c9924833bc1efffdb2e3532) Importer(815301076,1909f56bfc062723c751e8b465ee728b)  -> (artifact id: '788f6101f8f600cd4f31c8a924ecb05c') in 0.014105 seconds 
========================================================================
Received Import Request.
  Time since last request: 0.000046 seconds.
  path: Assets/cube.fbx
  artifactKey: Guid(81ee4ffbde0d14a2a84e1fb3de479024) Importer(815301076,1909f56bfc062723c751e8b465ee728b)
Start importing Assets/cube.fbx using Guid(81ee4ffbde0d14a2a84e1fb3de479024) Importer(815301076,1909f56bfc062723c751e8b465ee728b)  -> (artifact id: 'a3aae888fffe7fabe3d444edb3526ed6') in 0.014820 seconds 
========================================================================
Received Import Request.
  Time since last request: 0.000062 seconds.
  path: Assets/cube11.fbx
  artifactKey: Guid(921634ef199f94d55b399fd078b2771b) Importer(815301076,1909f56bfc062723c751e8b465ee728b)
Start importing Assets/cube11.fbx using Guid(921634ef199f94d55b399fd078b2771b) Importer(815301076,1909f56bfc062723c751e8b465ee728b)  -> (artifact id: 'e09f6ab725e4fbaa0fab77b35b7741bb') in 0.014947 seconds 
========================================================================
Received Import Request.
  Time since last request: 0.000044 seconds.
  path: Assets/cube20.fbx
  artifactKey: Guid(cd5f5652277574bc18111e8b61862cd0) Importer(815301076,1909f56bfc062723c751e8b465ee728b)
Start importing Assets/cube20.fbx using Guid(cd5f5652277574bc18111e8b61862cd0) Importer(815301076,1909f56bfc062723c751e8b465ee728b)  -> (artifact id: 'd30c3f1e6e5c6371a06ea2f1e64f01f7') in 0.017994 seconds 
========================================================================
Received Import Request.
  Time since last request: 0.000036 seconds.
  path: Assets/cube16.fbx
  artifactKey: Guid(03752d31eb43d49fcafea54976218094) Importer(815301076,1909f56bfc062723c751e8b465ee728b)
Start importing Assets/cube16.fbx using Guid(03752d31eb43d49fcafea54976218094) Importer(815301076,1909f56bfc062723c751e8b465ee728b)  -> (artifact id: '111c43a203a25fec32ea78251b3817ed') in 0.012848 seconds 
========================================================================
Received Import Request.
  Time since last request: 0.000042 seconds.
  path: Assets/cube2.fbx
  artifactKey: Guid(d4e607f80e73847459cdd526382b56ee) Importer(815301076,1909f56bfc062723c751e8b465ee728b)
Start importing Assets/cube2.fbx using Guid(d4e607f80e73847459cdd526382b56ee) Importer(815301076,1909f56bfc062723c751e8b465ee728b)  -> (artifact id: '6852d0b93ef791682b71d8baef8dd430') in 0.012584 seconds 
========================================================================
Received Import Request.
  Time since last request: 0.000041 seconds.
  path: Assets/cube18.fbx
  artifactKey: Guid(1c77af0a01f42474b8fbdc1cfb5c4239) Importer(815301076,1909f56bfc062723c751e8b465ee728b)
Start importing Assets/cube18.fbx using Guid(1c77af0a01f42474b8fbdc1cfb5c4239) Importer(815301076,1909f56bfc062723c751e8b465ee728b)  -> (artifact id: 'c09188cf79abf9e15fb90572daf2aff2') in 0.015612 seconds 
========================================================================
Received Import Request.
  Time since last request: 0.000060 seconds.
  path: Assets/cube21.fbx
  artifactKey: Guid(2cdcb6407ddcb42fb8441251ef1312a1) Importer(815301076,1909f56bfc062723c751e8b465ee728b)
Start importing Assets/cube21.fbx using Guid(2cdcb6407ddcb42fb8441251ef1312a1) Importer(815301076,1909f56bfc062723c751e8b465ee728b)  -> (artifact id: '7dd9c9ddef24e0249fb46b720809bf93') in 0.018817 seconds 
========================================================================
Received Import Request.
  Time since last request: 0.000041 seconds.
  path: Assets/cube12.fbx
  artifactKey: Guid(d18d2ac498d5b4ac5934eaf7db433fff) Importer(815301076,1909f56bfc062723c751e8b465ee728b)
Start importing Assets/cube12.fbx using Guid(d18d2ac498d5b4ac5934eaf7db433fff) Importer(815301076,1909f56bfc062723c751e8b465ee728b)  -> (artifact id: 'db55da0da427b04cb2168accfc01f6ca') in 0.016864 seconds 
========================================================================
Received Prepare
Registering precompiled user dll's ...
Registered in 0.002048 seconds.
Begin MonoManager ReloadAssembly
Thread 0x28210b000 may have been prematurely finalized
Symbol file LoadedFromMemory doesn't match image /Users/astanik6612/Documents/GitHub/anselscubes/AnselsCubes/Library/PackageCache/com.unity.visualscripting@1.7.8/Editor/VisualScripting.Core/Dependencies/YamlDotNet/Unity.VisualScripting.YamlDotNet.dll
Symbol file LoadedFromMemory doesn't match image /Users/astanik6612/Documents/GitHub/anselscubes/AnselsCubes/Library/PackageCache/com.unity.visualscripting@1.7.8/Editor/VisualScripting.Core/Dependencies/DotNetZip/Unity.VisualScripting.IonicZip.dll
Native extension for Android target not found
Native extension for OSXStandalone target not found
Native extension for WebGL target not found
Refreshing native plugins compatible for Editor in 91.94 ms, found 2 plugins.
Preloading 0 native plugins for Editor in 0.00 ms.
Mono: successfully reloaded assembly
- Completed reload, in  0.753 seconds
Domain Reload Profiling:
	ReloadAssembly (754ms)
		BeginReloadAssembly (75ms)
			ExecutionOrderSort (0ms)
			DisableScriptedObjects (2ms)
			BackupInstance (0ms)
			ReleaseScriptingObjects (0ms)
			CreateAndSetChildDomain (28ms)
		EndReloadAssembly (620ms)
			LoadAssemblies (33ms)
			RebuildTransferFunctionScriptingTraits (0ms)
			SetupTypeCache (211ms)
			ReleaseScriptCaches (1ms)
			RebuildScriptCaches (28ms)
			SetupLoadedEditorAssemblies (313ms)
				LogAssemblyErrors (0ms)
				InitializePlatformSupportModulesInManaged (10ms)
				SetLoadedEditorAssemblies (0ms)
				RefreshPlugins (92ms)
				BeforeProcessingInitializeOnLoad (41ms)
				ProcessInitializeOnLoadAttributes (125ms)
				ProcessInitializeOnLoadMethodAttributes (44ms)
				AfterProcessingInitializeOnLoad (1ms)
				EditorAssembliesLoaded (0ms)
			ExecutionOrderSort2 (0ms)
			AwakeInstancesAfterBackupRestoration (2ms)
Platform modules already initialized, skipping
Shader 'Universal Render Pipeline/Particles/Simple Lit': fallback shader 'Universal Render Pipeline/Particles/Unlit' not found
Shader 'Universal Render Pipeline/Nature/SpeedTree7': dependency 'BillboardShader' shader 'Universal Render Pipeline/Nature/SpeedTree7 Billboard' not found
Shader 'Hidden/Universal Render Pipeline/Terrain/Lit (Add Pass)': fallback shader 'Hidden/Universal Render Pipeline/FallbackError' not found
Shader 'Hidden/Universal Render Pipeline/Terrain/Lit (Base Pass)': fallback shader 'Hidden/Universal Render Pipeline/FallbackError' not found
WARNING: Shader Unsupported: 'Hidden/Universal Render Pipeline/Terrain/Lit (Base Pass)' - All subshaders removed
WARNING: Shader Did you use #pragma only_renderers and omit this platform?
WARNING: Shader If subshaders removal was intentional, you may have forgotten turning Fallback off?
WARNING: Shader Unsupported: 'Hidden/Universal Render Pipeline/Terrain/Lit (Base Pass)' - All subshaders removed
WARNING: Shader Did you use #pragma only_renderers and omit this platform?
WARNING: Shader If subshaders removal was intentional, you may have forgotten turning Fallback off?
Shader 'Universal Render Pipeline/Unlit': fallback shader 'Hidden/Universal Render Pipeline/FallbackError' not found
Shader 'Hidden/Universal Render Pipeline/StencilDeferred': fallback shader 'Hidden/Universal Render Pipeline/FallbackError' not found
Shader 'Universal Render Pipeline/Simple Lit': fallback shader 'Hidden/Universal Render Pipeline/FallbackError' not found
Refreshing native plugins compatible for Editor in 1.10 ms, found 2 plugins.
Preloading 0 native plugins for Editor in 0.00 ms.
Unloading 5098 Unused Serialized files (Serialized files now loaded: 0)
Unloading 98 unused Assets / (6.0 MB). Loaded Objects now: 5532.
Memory consumption went from 332.1 MB to 326.0 MB.
Total: 9.235125 ms (FindLiveObjects: 0.194500 ms CreateObjectMapping: 0.061250 ms MarkObjects: 7.282333 ms  DeleteObjects: 1.695875 ms)

AssetImportParameters requested are different than current active one (requested -> active):
  custom:video-decoder-ogg-theora: a1e56fd34408186e4bbccfd4996cb3dc -> 
  custom:container-muxer-webm: aa71ff27fc2769a1b78a27578f13a17b -> 
  custom:container-demuxer-webm: 4f35f7cbe854078d1ac9338744f61a02 -> 
  custom:video-encoder-webm-vp8: eb34c28f22e8b96e1ab97ce403110664 -> 
  custom:framework-osx-AVFoundation: e770b220cccbd017edd2c1fefb359320 -> 
  custom:audio-encoder-webm-vorbis: bf7c407c2cedff20999df2af8eb42d56 -> 
  custom:container-demuxer-ogg: 62fdf1f143b41e24485cea50d1cbac27 -> 
  custom:video-decoder-webm-vp8: 9c59270c3fd7afecdb556c50c9e8de78 -> 
  custom:audio-decoder-ogg-vorbis: bf7c407c2cedff20999df2af8eb42d56 -> 
========================================================================
Received Import Request.
  Time since last request: 67.311683 seconds.
  path: Assets/cube.fbx
  artifactKey: Guid(81ee4ffbde0d14a2a84e1fb3de479024) Importer(815301076,1909f56bfc062723c751e8b465ee728b)
Start importing Assets/cube.fbx using Guid(81ee4ffbde0d14a2a84e1fb3de479024) Importer(815301076,1909f56bfc062723c751e8b465ee728b)  -> (artifact id: '5c1d9ffb6ecff06412ff90aaa6ab045c') in 0.061272 seconds 
========================================================================
Received Import Request.
  Time since last request: 0.000042 seconds.
  path: Assets/cube4.fbx
  artifactKey: Guid(2ddb7a11eac284a30a54899d9b178745) Importer(815301076,1909f56bfc062723c751e8b465ee728b)
Start importing Assets/cube4.fbx using Guid(2ddb7a11eac284a30a54899d9b178745) Importer(815301076,1909f56bfc062723c751e8b465ee728b)  -> (artifact id: 'fde1032ae2ae41ff5244ad1505749498') in 0.017420 seconds 
========================================================================
Received Import Request.
  Time since last request: 0.000054 seconds.
  path: Assets/cube17.fbx
  artifactKey: Guid(b6314dcf152ae49d09a9ff4fdfafc377) Importer(815301076,1909f56bfc062723c751e8b465ee728b)
Start importing Assets/cube17.fbx using Guid(b6314dcf152ae49d09a9ff4fdfafc377) Importer(815301076,1909f56bfc062723c751e8b465ee728b)  -> (artifact id: 'c608474b6f64180d3ee260ccf7cc0615') in 0.014594 seconds 
========================================================================
Received Import Request.
  Time since last request: 0.000044 seconds.
  path: Assets/cube25.fbx
  artifactKey: Guid(577ec2b054c9143599ec6da01be01011) Importer(815301076,1909f56bfc062723c751e8b465ee728b)
Start importing Assets/cube25.fbx using Guid(577ec2b054c9143599ec6da01be01011) Importer(815301076,1909f56bfc062723c751e8b465ee728b)  -> (artifact id: '98e59f8abea2390b43501e7a23118bc5') in 0.015981 seconds 
========================================================================
Received Import Request.
  Time since last request: 0.000039 seconds.
  path: Assets/cube13.fbx
  artifactKey: Guid(f8a72b308572d49fc9766487ed749854) Importer(815301076,1909f56bfc062723c751e8b465ee728b)
Start importing Assets/cube13.fbx using Guid(f8a72b308572d49fc9766487ed749854) Importer(815301076,1909f56bfc062723c751e8b465ee728b)  -> (artifact id: '42637933b9154eca82cdcda9fa8b1566') in 0.013663 seconds 
========================================================================
Received Import Request.
  Time since last request: 0.000077 seconds.
  path: Assets/cube5.fbx
  artifactKey: Guid(de1039117c9924833bc1efffdb2e3532) Importer(815301076,1909f56bfc062723c751e8b465ee728b)
Start importing Assets/cube5.fbx using Guid(de1039117c9924833bc1efffdb2e3532) Importer(815301076,1909f56bfc062723c751e8b465ee728b)  -> (artifact id: 'ad3b9a19977e6f11c679dee848a1b599') in 0.016617 seconds 
========================================================================
Received Import Request.
  Time since last request: 0.000056 seconds.
  path: Assets/cube7.fbx
  artifactKey: Guid(490f8fb0badaa4d138d07651aa1541b7) Importer(815301076,1909f56bfc062723c751e8b465ee728b)
Start importing Assets/cube7.fbx using Guid(490f8fb0badaa4d138d07651aa1541b7) Importer(815301076,1909f56bfc062723c751e8b465ee728b)  -> (artifact id: '602a73c2888976cc92207cb9dcce0312') in 0.021724 seconds 
========================================================================
Received Import Request.
  Time since last request: 0.000045 seconds.
  path: Assets/cube15.fbx
  artifactKey: Guid(05940a2824e8e45d9b45eaffc7501f38) Importer(815301076,1909f56bfc062723c751e8b465ee728b)
Start importing Assets/cube15.fbx using Guid(05940a2824e8e45d9b45eaffc7501f38) Importer(815301076,1909f56bfc062723c751e8b465ee728b)  -> (artifact id: '6152e52285cd9b2659da3ada74ef9809') in 0.017692 seconds 
========================================================================
Received Import Request.
  Time since last request: 0.000063 seconds.
  path: Assets/cube22.fbx
  artifactKey: Guid(f5b51a30db5944b7db162a443a8e2dbc) Importer(815301076,1909f56bfc062723c751e8b465ee728b)
Start importing Assets/cube22.fbx using Guid(f5b51a30db5944b7db162a443a8e2dbc) Importer(815301076,1909f56bfc062723c751e8b465ee728b)  -> (artifact id: 'ad4928be0f1c491554903ded280c7cf3') in 0.019437 seconds 
========================================================================
Received Import Request.
  Time since last request: 0.000064 seconds.
  path: Assets/cube16.fbx
  artifactKey: Guid(03752d31eb43d49fcafea54976218094) Importer(815301076,1909f56bfc062723c751e8b465ee728b)
Start importing Assets/cube16.fbx using Guid(03752d31eb43d49fcafea54976218094) Importer(815301076,1909f56bfc062723c751e8b465ee728b)  -> (artifact id: '545f412cac979eb1363b1c489659ee07') in 0.015024 seconds 
========================================================================
Received Import Request.
  Time since last request: 0.000084 seconds.
  path: Assets/cube3.fbx
  artifactKey: Guid(ed9235201b4d44c639d787c53ddda9ec) Importer(815301076,1909f56bfc062723c751e8b465ee728b)
Start importing Assets/cube3.fbx using Guid(ed9235201b4d44c639d787c53ddda9ec) Importer(815301076,1909f56bfc062723c751e8b465ee728b)  -> (artifact id: '1b7a974e193b86e411591ba9ee4bdfe9') in 0.018934 seconds 
========================================================================
Received Import Request.
  Time since last request: 0.000040 seconds.
  path: Assets/cube19.fbx
  artifactKey: Guid(3560f40a0b4ee4c1199fe75d3b9e247a) Importer(815301076,1909f56bfc062723c751e8b465ee728b)
Start importing Assets/cube19.fbx using Guid(3560f40a0b4ee4c1199fe75d3b9e247a) Importer(815301076,1909f56bfc062723c751e8b465ee728b)  -> (artifact id: 'b4e7d9d9cf94561df7ea7b213f39a7e6') in 0.017779 seconds 
========================================================================
Received Import Request.
  Time since last request: 0.000049 seconds.
  path: Assets/cube12.fbx
  artifactKey: Guid(d18d2ac498d5b4ac5934eaf7db433fff) Importer(815301076,1909f56bfc062723c751e8b465ee728b)
Start importing Assets/cube12.fbx using Guid(d18d2ac498d5b4ac5934eaf7db433fff) Importer(815301076,1909f56bfc062723c751e8b465ee728b)  -> (artifact id: '0e1662d7f17bf6dbf50e331c7eb71e17') in 0.016750 seconds 
========================================================================
Received Import Request.
  Time since last request: 38.576839 seconds.
  path: Assets/New Universal Render Pipeline Asset.asset
  artifactKey: Guid(fd328c90fbdf24d8f8e22fe3d98c9909) Importer(815301076,1909f56bfc062723c751e8b465ee728b)
Start importing Assets/New Universal Render Pipeline Asset.asset using Guid(fd328c90fbdf24d8f8e22fe3d98c9909) Importer(815301076,1909f56bfc062723c751e8b465ee728b)  -> (artifact id: 'f447b072afe366f8a03c45e82d6f7994') in 0.039028 seconds 
========================================================================
Received Prepare
Switching render pipeline 00000000000000000000000000000000 -> fd328c90fbdf24d8f8e22fe3d98c9909
Refreshing native plugins compatible for Editor in 2.14 ms, found 2 plugins.
Preloading 0 native plugins for Editor in 0.00 ms.
Unloading 146 Unused Serialized files (Serialized files now loaded: 0)
Unloading 71 unused Assets / (4.2 MB). Loaded Objects now: 5608.
Memory consumption went from 242.4 MB to 238.2 MB.
Total: 3.925459 ms (FindLiveObjects: 0.180375 ms CreateObjectMapping: 0.060750 ms MarkObjects: 2.582791 ms  DeleteObjects: 1.100875 ms)

AssetImportParameters requested are different than current active one (requested -> active):
  custom:video-decoder-ogg-theora: a1e56fd34408186e4bbccfd4996cb3dc -> 
  custom:container-muxer-webm: aa71ff27fc2769a1b78a27578f13a17b -> 
  custom:container-demuxer-webm: 4f35f7cbe854078d1ac9338744f61a02 -> 
  custom:video-encoder-webm-vp8: eb34c28f22e8b96e1ab97ce403110664 -> 
  custom:framework-osx-AVFoundation: e770b220cccbd017edd2c1fefb359320 -> 
  custom:audio-encoder-webm-vorbis: bf7c407c2cedff20999df2af8eb42d56 -> 
  custom:container-demuxer-ogg: 62fdf1f143b41e24485cea50d1cbac27 -> 
  custom:video-decoder-webm-vp8: 9c59270c3fd7afecdb556c50c9e8de78 -> 
  custom:audio-decoder-ogg-vorbis: bf7c407c2cedff20999df2af8eb42d56 -> 
========================================================================
Received Import Request.
  Time since last request: 9.882347 seconds.
  path: Assets/New Universal Render Pipeline Asset_Renderer.asset
  artifactKey: Guid(1eda5898075d44a2783aa8d9c2594630) Importer(815301076,1909f56bfc062723c751e8b465ee728b)
Start importing Assets/New Universal Render Pipeline Asset_Renderer.asset using Guid(1eda5898075d44a2783aa8d9c2594630) Importer(815301076,1909f56bfc062723c751e8b465ee728b)  -> (artifact id: '4753fcf11b409af164c32d45561e9185') in 0.003178 seconds 
========================================================================
Received Import Request.
  Time since last request: 0.012606 seconds.
  path: Assets/cube.fbx
  artifactKey: Guid(81ee4ffbde0d14a2a84e1fb3de479024) Importer(815301076,1909f56bfc062723c751e8b465ee728b)
Start importing Assets/cube.fbx using Guid(81ee4ffbde0d14a2a84e1fb3de479024) Importer(815301076,1909f56bfc062723c751e8b465ee728b)  -> (artifact id: '82a7464bf77be8428c06f5e994258561') in 1.126461 seconds 
========================================================================
Received Import Request.
  Time since last request: 0.000046 seconds.
  path: Assets/cube4.fbx
  artifactKey: Guid(2ddb7a11eac284a30a54899d9b178745) Importer(815301076,1909f56bfc062723c751e8b465ee728b)
Start importing Assets/cube4.fbx using Guid(2ddb7a11eac284a30a54899d9b178745) Importer(815301076,1909f56bfc062723c751e8b465ee728b)  -> (artifact id: '0f4acaa4dc9379daf4d36fbfcc699dcb') in 0.018952 seconds 
========================================================================
Received Import Request.
  Time since last request: 0.000050 seconds.
  path: Assets/cube17.fbx
  artifactKey: Guid(b6314dcf152ae49d09a9ff4fdfafc377) Importer(815301076,1909f56bfc062723c751e8b465ee728b)
Start importing Assets/cube17.fbx using Guid(b6314dcf152ae49d09a9ff4fdfafc377) Importer(815301076,1909f56bfc062723c751e8b465ee728b)  -> (artifact id: 'ffbc0b064593cd0dd97a656a844c7c21') in 0.014420 seconds 
========================================================================
Received Import Request.
  Time since last request: 0.000046 seconds.
  path: Assets/cube25.fbx
  artifactKey: Guid(577ec2b054c9143599ec6da01be01011) Importer(815301076,1909f56bfc062723c751e8b465ee728b)
Start importing Assets/cube25.fbx using Guid(577ec2b054c9143599ec6da01be01011) Importer(815301076,1909f56bfc062723c751e8b465ee728b)  -> (artifact id: 'aa9af6f2204587cdb1e66c105e922e88') in 0.019397 seconds 
========================================================================
Received Import Request.
  Time since last request: 0.000036 seconds.
  path: Assets/cube13.fbx
  artifactKey: Guid(f8a72b308572d49fc9766487ed749854) Importer(815301076,1909f56bfc062723c751e8b465ee728b)
Start importing Assets/cube13.fbx using Guid(f8a72b308572d49fc9766487ed749854) Importer(815301076,1909f56bfc062723c751e8b465ee728b)  -> (artifact id: '54a07dec6f5d29e7d312fe81ef1b2f93') in 0.015701 seconds 
========================================================================
Received Import Request.
  Time since last request: 0.000053 seconds.
  path: Assets/cube5.fbx
  artifactKey: Guid(de1039117c9924833bc1efffdb2e3532) Importer(815301076,1909f56bfc062723c751e8b465ee728b)
Start importing Assets/cube5.fbx using Guid(de1039117c9924833bc1efffdb2e3532) Importer(815301076,1909f56bfc062723c751e8b465ee728b)  -> (artifact id: 'c0e6b457d184abf8ca53290346bfd449') in 0.019866 seconds 
========================================================================
Received Import Request.
  Time since last request: 0.000036 seconds.
  path: Assets/cube7.fbx
  artifactKey: Guid(490f8fb0badaa4d138d07651aa1541b7) Importer(815301076,1909f56bfc062723c751e8b465ee728b)
Start importing Assets/cube7.fbx using Guid(490f8fb0badaa4d138d07651aa1541b7) Importer(815301076,1909f56bfc062723c751e8b465ee728b)  -> (artifact id: '055478594c85625e9c927298034c2873') in 0.022886 seconds 
========================================================================
Received Import Request.
  Time since last request: 0.000049 seconds.
  path: Assets/cube15.fbx
  artifactKey: Guid(05940a2824e8e45d9b45eaffc7501f38) Importer(815301076,1909f56bfc062723c751e8b465ee728b)
Start importing Assets/cube15.fbx using Guid(05940a2824e8e45d9b45eaffc7501f38) Importer(815301076,1909f56bfc062723c751e8b465ee728b)  -> (artifact id: '754882b28b77daaaadf272b8befa8868') in 0.019672 seconds 
========================================================================
Received Import Request.
  Time since last request: 0.000050 seconds.
  path: Assets/cube22.fbx
  artifactKey: Guid(f5b51a30db5944b7db162a443a8e2dbc) Importer(815301076,1909f56bfc062723c751e8b465ee728b)
Start importing Assets/cube22.fbx using Guid(f5b51a30db5944b7db162a443a8e2dbc) Importer(815301076,1909f56bfc062723c751e8b465ee728b)  -> (artifact id: 'bec1fb29cea204349a1f46649aadf6de') in 0.022795 seconds 
========================================================================
Received Import Request.
  Time since last request: 0.000034 seconds.
  path: Assets/cube16.fbx
  artifactKey: Guid(03752d31eb43d49fcafea54976218094) Importer(815301076,1909f56bfc062723c751e8b465ee728b)
Start importing Assets/cube16.fbx using Guid(03752d31eb43d49fcafea54976218094) Importer(815301076,1909f56bfc062723c751e8b465ee728b)  -> (artifact id: 'a3c9dd2bc6be97eb2133b557618d85c5') in 0.016252 seconds 
========================================================================
Received Import Request.
  Time since last request: 0.000049 seconds.
  path: Assets/cube3.fbx
  artifactKey: Guid(ed9235201b4d44c639d787c53ddda9ec) Importer(815301076,1909f56bfc062723c751e8b465ee728b)
Start importing Assets/cube3.fbx using Guid(ed9235201b4d44c639d787c53ddda9ec) Importer(815301076,1909f56bfc062723c751e8b465ee728b)  -> (artifact id: '38066aa174132eb31ba23364ab9e8e8e') in 0.019004 seconds 
========================================================================
Received Import Request.
  Time since last request: 0.000053 seconds.
  path: Assets/cube19.fbx
  artifactKey: Guid(3560f40a0b4ee4c1199fe75d3b9e247a) Importer(815301076,1909f56bfc062723c751e8b465ee728b)
Start importing Assets/cube19.fbx using Guid(3560f40a0b4ee4c1199fe75d3b9e247a) Importer(815301076,1909f56bfc062723c751e8b465ee728b)  -> (artifact id: '26441c0f6c068f6cd66a6c07560fd66b') in 0.019779 seconds 
========================================================================
Received Import Request.
  Time since last request: 0.000031 seconds.
  path: Assets/UniversalRenderPipelineGlobalSettings.asset
  artifactKey: Guid(fa4853396e1bb42d5b6781c47de7b56e) Importer(815301076,1909f56bfc062723c751e8b465ee728b)
Start importing Assets/UniversalRenderPipelineGlobalSettings.asset using Guid(fa4853396e1bb42d5b6781c47de7b56e) Importer(815301076,1909f56bfc062723c751e8b465ee728b)  -> (artifact id: 'ad9303f0dca5b247ce09c5b77a9dfe8a') in 0.000989 seconds 
========================================================================
Received Import Request.
  Time since last request: 0.000036 seconds.
  path: Assets/cube12.fbx
  artifactKey: Guid(d18d2ac498d5b4ac5934eaf7db433fff) Importer(815301076,1909f56bfc062723c751e8b465ee728b)
Start importing Assets/cube12.fbx using Guid(d18d2ac498d5b4ac5934eaf7db433fff) Importer(815301076,1909f56bfc062723c751e8b465ee728b)  -> (artifact id: '69211244840d7bc7b183672a19aa22ac') in 0.018874 seconds 
========================================================================
Received Import Request.
  Time since last request: 14.813247 seconds.
  path: Assets/Scenes
  artifactKey: Guid(6ea315d0fd7389c41b19996891e99ae3) Importer(815301076,1909f56bfc062723c751e8b465ee728b)
Start importing Assets/Scenes using Guid(6ea315d0fd7389c41b19996891e99ae3) Importer(815301076,1909f56bfc062723c751e8b465ee728b)  -> (artifact id: 'b8193726cff86800c54781cdc6d54904') in 0.001777 seconds 
========================================================================
Received Import Request.
  Time since last request: 0.732511 seconds.
  path: Assets/Scenes/SampleScene.unity
  artifactKey: Guid(9fc0d4010bbf28b4594072e72b8655ab) Importer(815301076,1909f56bfc062723c751e8b465ee728b)
Start importing Assets/Scenes/SampleScene.unity using Guid(9fc0d4010bbf28b4594072e72b8655ab) Importer(815301076,1909f56bfc062723c751e8b465ee728b)  -> (artifact id: '02531b6776de4d3f1f82dd771dbbc3fc') in 0.001618 seconds 
========================================================================
Received Prepare
Registering precompiled user dll's ...
Registered in 0.001923 seconds.
Begin MonoManager ReloadAssembly
Thread 0x16f8bf000 may have been prematurely finalized
Symbol file LoadedFromMemory doesn't match image /Users/astanik6612/Documents/GitHub/anselscubes/AnselsCubes/Library/PackageCache/com.unity.visualscripting@1.7.8/Editor/VisualScripting.Core/Dependencies/YamlDotNet/Unity.VisualScripting.YamlDotNet.dll
Symbol file LoadedFromMemory doesn't match image /Users/astanik6612/Documents/GitHub/anselscubes/AnselsCubes/Library/PackageCache/com.unity.visualscripting@1.7.8/Editor/VisualScripting.Core/Dependencies/DotNetZip/Unity.VisualScripting.IonicZip.dll
Native extension for Android target not found
Native extension for OSXStandalone target not found
Native extension for WebGL target not found
Refreshing native plugins compatible for Editor in 0.51 ms, found 2 plugins.
Preloading 0 native plugins for Editor in 0.00 ms.
Mono: successfully reloaded assembly
- Completed reload, in  0.701 seconds
Domain Reload Profiling:
	ReloadAssembly (701ms)
		BeginReloadAssembly (74ms)
			ExecutionOrderSort (0ms)
			DisableScriptedObjects (4ms)
			BackupInstance (0ms)
			ReleaseScriptingObjects (0ms)
			CreateAndSetChildDomain (28ms)
		EndReloadAssembly (571ms)
			LoadAssemblies (35ms)
			RebuildTransferFunctionScriptingTraits (0ms)
			SetupTypeCache (197ms)
			ReleaseScriptCaches (1ms)
			RebuildScriptCaches (34ms)
			SetupLoadedEditorAssemblies (250ms)
				LogAssemblyErrors (0ms)
				InitializePlatformSupportModulesInManaged (11ms)
				SetLoadedEditorAssemblies (0ms)
				RefreshPlugins (1ms)
				BeforeProcessingInitializeOnLoad (53ms)
				ProcessInitializeOnLoadAttributes (135ms)
				ProcessInitializeOnLoadMethodAttributes (49ms)
				AfterProcessingInitializeOnLoad (1ms)
				EditorAssembliesLoaded (0ms)
			ExecutionOrderSort2 (0ms)
			AwakeInstancesAfterBackupRestoration (5ms)
Platform modules already initialized, skipping
Refreshing native plugins compatible for Editor in 0.97 ms, found 2 plugins.
Preloading 0 native plugins for Editor in 0.00 ms.
Unloading 5077 Unused Serialized files (Serialized files now loaded: 0)
Unloading 64 unused Assets / (3.3 MB). Loaded Objects now: 5662.
Memory consumption went from 341.3 MB to 338.0 MB.
Total: 3.440042 ms (FindLiveObjects: 0.167500 ms CreateObjectMapping: 0.061458 ms MarkObjects: 2.243750 ms  DeleteObjects: 0.966750 ms)

AssetImportParameters requested are different than current active one (requested -> active):
  custom:video-decoder-ogg-theora: a1e56fd34408186e4bbccfd4996cb3dc -> 
  custom:container-muxer-webm: aa71ff27fc2769a1b78a27578f13a17b -> 
  custom:container-demuxer-webm: 4f35f7cbe854078d1ac9338744f61a02 -> 
  custom:video-encoder-webm-vp8: eb34c28f22e8b96e1ab97ce403110664 -> 
  custom:framework-osx-AVFoundation: e770b220cccbd017edd2c1fefb359320 -> 
  custom:audio-encoder-webm-vorbis: bf7c407c2cedff20999df2af8eb42d56 -> 
  custom:container-demuxer-ogg: 62fdf1f143b41e24485cea50d1cbac27 -> 
  custom:video-decoder-webm-vp8: 9c59270c3fd7afecdb556c50c9e8de78 -> 
  custom:audio-decoder-ogg-vorbis: bf7c407c2cedff20999df2af8eb42d56 -> 
========================================================================
Received Prepare
Registering precompiled user dll's ...
Registered in 0.001764 seconds.
Begin MonoManager ReloadAssembly
Thread 0x16f22f000 may have been prematurely finalized
Symbol file LoadedFromMemory doesn't match image /Users/astanik6612/Documents/GitHub/anselscubes/AnselsCubes/Library/PackageCache/com.unity.visualscripting@1.7.8/Editor/VisualScripting.Core/Dependencies/YamlDotNet/Unity.VisualScripting.YamlDotNet.dll
Symbol file LoadedFromMemory doesn't match image /Users/astanik6612/Documents/GitHub/anselscubes/AnselsCubes/Library/PackageCache/com.unity.visualscripting@1.7.8/Editor/VisualScripting.Core/Dependencies/DotNetZip/Unity.VisualScripting.IonicZip.dll
Native extension for Android target not found
Native extension for OSXStandalone target not found
Native extension for WebGL target not found
Refreshing native plugins compatible for Editor in 0.48 ms, found 2 plugins.
Preloading 0 native plugins for Editor in 0.00 ms.
Mono: successfully reloaded assembly
- Completed reload, in  0.641 seconds
Domain Reload Profiling:
	ReloadAssembly (642ms)
		BeginReloadAssembly (71ms)
			ExecutionOrderSort (0ms)
			DisableScriptedObjects (3ms)
			BackupInstance (0ms)
			ReleaseScriptingObjects (0ms)
			CreateAndSetChildDomain (25ms)
		EndReloadAssembly (515ms)
			LoadAssemblies (34ms)
			RebuildTransferFunctionScriptingTraits (0ms)
			SetupTypeCache (185ms)
			ReleaseScriptCaches (1ms)
			RebuildScriptCaches (29ms)
			SetupLoadedEditorAssemblies (220ms)
				LogAssemblyErrors (0ms)
				InitializePlatformSupportModulesInManaged (10ms)
				SetLoadedEditorAssemblies (0ms)
				RefreshPlugins (0ms)
				BeforeProcessingInitializeOnLoad (47ms)
				ProcessInitializeOnLoadAttributes (121ms)
				ProcessInitializeOnLoadMethodAttributes (41ms)
				AfterProcessingInitializeOnLoad (1ms)
				EditorAssembliesLoaded (0ms)
			ExecutionOrderSort2 (0ms)
			AwakeInstancesAfterBackupRestoration (4ms)
Platform modules already initialized, skipping
Refreshing native plugins compatible for Editor in 0.94 ms, found 2 plugins.
Preloading 0 native plugins for Editor in 0.00 ms.
Unloading 5072 Unused Serialized files (Serialized files now loaded: 0)
Unloading 64 unused Assets / (3.3 MB). Loaded Objects now: 5665.
Memory consumption went from 341.2 MB to 337.9 MB.
Total: 3.072709 ms (FindLiveObjects: 0.146000 ms CreateObjectMapping: 0.059042 ms MarkObjects: 2.004500 ms  DeleteObjects: 0.862750 ms)

AssetImportParameters requested are different than current active one (requested -> active):
  custom:video-decoder-ogg-theora: a1e56fd34408186e4bbccfd4996cb3dc -> 
  custom:container-muxer-webm: aa71ff27fc2769a1b78a27578f13a17b -> 
  custom:container-demuxer-webm: 4f35f7cbe854078d1ac9338744f61a02 -> 
  custom:video-encoder-webm-vp8: eb34c28f22e8b96e1ab97ce403110664 -> 
  custom:framework-osx-AVFoundation: e770b220cccbd017edd2c1fefb359320 -> 
  custom:audio-encoder-webm-vorbis: bf7c407c2cedff20999df2af8eb42d56 -> 
  custom:container-demuxer-ogg: 62fdf1f143b41e24485cea50d1cbac27 -> 
  custom:video-decoder-webm-vp8: 9c59270c3fd7afecdb556c50c9e8de78 -> 
  custom:audio-decoder-ogg-vorbis: bf7c407c2cedff20999df2af8eb42d56 -> 
========================================================================
Received Prepare
Registering precompiled user dll's ...
Registered in 0.001899 seconds.
Begin MonoManager ReloadAssembly
Thread 0x16f22f000 may have been prematurely finalized
Symbol file LoadedFromMemory doesn't match image /Users/astanik6612/Documents/GitHub/anselscubes/AnselsCubes/Library/PackageCache/com.unity.visualscripting@1.7.8/Editor/VisualScripting.Core/Dependencies/YamlDotNet/Unity.VisualScripting.YamlDotNet.dll
Symbol file LoadedFromMemory doesn't match image /Users/astanik6612/Documents/GitHub/anselscubes/AnselsCubes/Library/PackageCache/com.unity.visualscripting@1.7.8/Editor/VisualScripting.Core/Dependencies/DotNetZip/Unity.VisualScripting.IonicZip.dll
Native extension for Android target not found
Native extension for OSXStandalone target not found
Native extension for WebGL target not found
Refreshing native plugins compatible for Editor in 0.53 ms, found 2 plugins.
Preloading 0 native plugins for Editor in 0.00 ms.
Mono: successfully reloaded assembly
- Completed reload, in  0.689 seconds
Domain Reload Profiling:
	ReloadAssembly (689ms)
		BeginReloadAssembly (71ms)
			ExecutionOrderSort (0ms)
			DisableScriptedObjects (3ms)
			BackupInstance (0ms)
			ReleaseScriptingObjects (0ms)
			CreateAndSetChildDomain (26ms)
		EndReloadAssembly (562ms)
			LoadAssemblies (35ms)
			RebuildTransferFunctionScriptingTraits (0ms)
			SetupTypeCache (198ms)
			ReleaseScriptCaches (1ms)
			RebuildScriptCaches (32ms)
			SetupLoadedEditorAssemblies (244ms)
				LogAssemblyErrors (0ms)
				InitializePlatformSupportModulesInManaged (11ms)
				SetLoadedEditorAssemblies (0ms)
				RefreshPlugins (1ms)
				BeforeProcessingInitializeOnLoad (52ms)
				ProcessInitializeOnLoadAttributes (136ms)
				ProcessInitializeOnLoadMethodAttributes (44ms)
				AfterProcessingInitializeOnLoad (1ms)
				EditorAssembliesLoaded (0ms)
			ExecutionOrderSort2 (0ms)
			AwakeInstancesAfterBackupRestoration (7ms)
Platform modules already initialized, skipping
Refreshing native plugins compatible for Editor in 0.88 ms, found 2 plugins.
Preloading 0 native plugins for Editor in 0.00 ms.
Unloading 5072 Unused Serialized files (Serialized files now loaded: 0)
Unloading 64 unused Assets / (3.3 MB). Loaded Objects now: 5668.
Memory consumption went from 341.4 MB to 338.1 MB.
Total: 3.415084 ms (FindLiveObjects: 0.149958 ms CreateObjectMapping: 0.060917 ms MarkObjects: 2.232333 ms  DeleteObjects: 0.971334 ms)

AssetImportParameters requested are different than current active one (requested -> active):
  custom:video-decoder-ogg-theora: a1e56fd34408186e4bbccfd4996cb3dc -> 
  custom:container-muxer-webm: aa71ff27fc2769a1b78a27578f13a17b -> 
  custom:container-demuxer-webm: 4f35f7cbe854078d1ac9338744f61a02 -> 
  custom:video-encoder-webm-vp8: eb34c28f22e8b96e1ab97ce403110664 -> 
  custom:framework-osx-AVFoundation: e770b220cccbd017edd2c1fefb359320 -> 
  custom:audio-encoder-webm-vorbis: bf7c407c2cedff20999df2af8eb42d56 -> 
  custom:container-demuxer-ogg: 62fdf1f143b41e24485cea50d1cbac27 -> 
  custom:video-decoder-webm-vp8: 9c59270c3fd7afecdb556c50c9e8de78 -> 
  custom:audio-decoder-ogg-vorbis: bf7c407c2cedff20999df2af8eb42d56 -> 
========================================================================
Received Prepare
Registering precompiled user dll's ...
Registered in 0.001782 seconds.
Begin MonoManager ReloadAssembly
Thread 0x16f22f000 may have been prematurely finalized
Symbol file LoadedFromMemory doesn't match image /Users/astanik6612/Documents/GitHub/anselscubes/AnselsCubes/Library/PackageCache/com.unity.visualscripting@1.7.8/Editor/VisualScripting.Core/Dependencies/YamlDotNet/Unity.VisualScripting.YamlDotNet.dll
Symbol file LoadedFromMemory doesn't match image /Users/astanik6612/Documents/GitHub/anselscubes/AnselsCubes/Library/PackageCache/com.unity.visualscripting@1.7.8/Editor/VisualScripting.Core/Dependencies/DotNetZip/Unity.VisualScripting.IonicZip.dll
Native extension for Android target not found
Native extension for OSXStandalone target not found
Native extension for WebGL target not found
Refreshing native plugins compatible for Editor in 0.49 ms, found 2 plugins.
Preloading 0 native plugins for Editor in 0.00 ms.
Mono: successfully reloaded assembly
- Completed reload, in  0.631 seconds
Domain Reload Profiling:
	ReloadAssembly (631ms)
		BeginReloadAssembly (71ms)
			ExecutionOrderSort (0ms)
			DisableScriptedObjects (3ms)
			BackupInstance (0ms)
			ReleaseScriptingObjects (0ms)
			CreateAndSetChildDomain (27ms)
		EndReloadAssembly (507ms)
			LoadAssemblies (31ms)
			RebuildTransferFunctionScriptingTraits (0ms)
			SetupTypeCache (180ms)
			ReleaseScriptCaches (1ms)
			RebuildScriptCaches (28ms)
			SetupLoadedEditorAssemblies (221ms)
				LogAssemblyErrors (0ms)
				InitializePlatformSupportModulesInManaged (10ms)
				SetLoadedEditorAssemblies (0ms)
				RefreshPlugins (1ms)
				BeforeProcessingInitializeOnLoad (47ms)
				ProcessInitializeOnLoadAttributes (121ms)
				ProcessInitializeOnLoadMethodAttributes (42ms)
				AfterProcessingInitializeOnLoad (1ms)
				EditorAssembliesLoaded (0ms)
			ExecutionOrderSort2 (0ms)
			AwakeInstancesAfterBackupRestoration (4ms)
Platform modules already initialized, skipping
Refreshing native plugins compatible for Editor in 1.00 ms, found 2 plugins.
Preloading 0 native plugins for Editor in 0.00 ms.
Unloading 5072 Unused Serialized files (Serialized files now loaded: 0)
Unloading 64 unused Assets / (3.3 MB). Loaded Objects now: 5671.
Memory consumption went from 341.7 MB to 338.4 MB.
Total: 3.393458 ms (FindLiveObjects: 0.157333 ms CreateObjectMapping: 0.062291 ms MarkObjects: 2.203334 ms  DeleteObjects: 0.969958 ms)

AssetImportParameters requested are different than current active one (requested -> active):
  custom:video-decoder-ogg-theora: a1e56fd34408186e4bbccfd4996cb3dc -> 
  custom:container-muxer-webm: aa71ff27fc2769a1b78a27578f13a17b -> 
  custom:container-demuxer-webm: 4f35f7cbe854078d1ac9338744f61a02 -> 
  custom:video-encoder-webm-vp8: eb34c28f22e8b96e1ab97ce403110664 -> 
  custom:framework-osx-AVFoundation: e770b220cccbd017edd2c1fefb359320 -> 
  custom:audio-encoder-webm-vorbis: bf7c407c2cedff20999df2af8eb42d56 -> 
  custom:container-demuxer-ogg: 62fdf1f143b41e24485cea50d1cbac27 -> 
  custom:video-decoder-webm-vp8: 9c59270c3fd7afecdb556c50c9e8de78 -> 
  custom:audio-decoder-ogg-vorbis: bf7c407c2cedff20999df2af8eb42d56 -> 
